===2018-05-07 16:42:14.162 INFO  org.codingworld.time.TimeApplicationTests Line:50  - Starting TimeApplicationTests on WIN-KIA4OFHQNL2 with PID 8436 (started by Administrator in D:\jackie\project\me\time)
===2018-05-07 16:42:14.252 INFO  org.codingworld.time.TimeApplicationTests Line:656 - The following profiles are active: dev
===2018-05-07 16:42:15.404 INFO  org.springframework.web.context.support.GenericWebApplicationContext Line:589 - Refreshing org.springframework.web.context.support.GenericWebApplicationContext@6f8e8894: startup date [Mon May 07 16:42:15 CST 2018]; root of context hierarchy
===2018-05-07 16:42:21.032 INFO  org.springframework.context.support.PostProcessorRegistrationDelegate$BeanPostProcessorChecker Line:328 - Bean 'org.springframework.transaction.annotation.ProxyTransactionManagementConfiguration' of type [org.springframework.transaction.annotation.ProxyTransactionManagementConfiguration$$EnhancerBySpringCGLIB$$4c55e234] is not eligible for getting processed by all BeanPostProcessors (for example: not eligible for auto-proxying)
===2018-05-07 16:42:27.868 INFO  org.springframework.web.servlet.mvc.method.annotation.RequestMappingHandlerMapping Line:548 - Mapped "{[/city/api/city/{id}],methods=[GET]}" onto public org.codingworld.time.entity.base.City org.codingworld.time.controller.base.CityController.findCityById(java.lang.Long)
===2018-05-07 16:42:27.871 INFO  org.springframework.web.servlet.mvc.method.annotation.RequestMappingHandlerMapping Line:548 - Mapped "{[/city/api/city],methods=[POST]}" onto public void org.codingworld.time.controller.base.CityController.createCity(org.codingworld.time.entity.base.City)
===2018-05-07 16:42:27.873 INFO  org.springframework.web.servlet.mvc.method.annotation.RequestMappingHandlerMapping Line:548 - Mapped "{[/city/api/city/{id}],methods=[PUT]}" onto public void org.codingworld.time.controller.base.CityController.modifyCity(java.lang.Long,org.codingworld.time.entity.base.City)
===2018-05-07 16:42:27.875 INFO  org.springframework.web.servlet.mvc.method.annotation.RequestMappingHandlerMapping Line:548 - Mapped "{[/city/api/city],methods=[GET]}" onto public java.util.List<org.codingworld.time.entity.base.City> org.codingworld.time.controller.base.CityController.findAll()
===2018-05-07 16:42:27.877 INFO  org.springframework.web.servlet.mvc.method.annotation.RequestMappingHandlerMapping Line:548 - Mapped "{[/city/api/city/{id}],methods=[DELETE]}" onto public void org.codingworld.time.controller.base.CityController.deleteCityById(java.lang.Long)
===2018-05-07 16:42:27.881 INFO  org.springframework.web.servlet.mvc.method.annotation.RequestMappingHandlerMapping Line:548 - Mapped "{[/city/queryCityList.json],methods=[POST]}" onto public org.codingworld.time.common.ResultMessage org.codingworld.time.controller.base.CityController.queryCityList(org.codingworld.time.dto.base.CityDTO)
===2018-05-07 16:42:27.885 INFO  org.springframework.web.servlet.mvc.method.annotation.RequestMappingHandlerMapping Line:548 - Mapped "{[/city/citylist],methods=[GET]}" onto public java.lang.String org.codingworld.time.controller.base.CityController.cityLIst()
===2018-05-07 16:42:27.888 INFO  org.springframework.web.servlet.mvc.method.annotation.RequestMappingHandlerMapping Line:548 - Mapped "{[/hello/test]}" onto public java.lang.String org.codingworld.time.controller.HelloController.test()
===2018-05-07 16:42:27.890 INFO  org.springframework.web.servlet.mvc.method.annotation.RequestMappingHandlerMapping Line:548 - Mapped "{[/hello/home]}" onto public java.lang.String org.codingworld.time.controller.HelloController.home()
===2018-05-07 16:42:27.895 INFO  org.springframework.web.servlet.mvc.method.annotation.RequestMappingHandlerMapping Line:548 - Mapped "{[/home/],methods=[GET]}" onto public java.lang.String org.codingworld.time.controller.HomeCtr.homePage(org.springframework.ui.Model)
===2018-05-07 16:42:27.903 INFO  org.springframework.web.servlet.mvc.method.annotation.RequestMappingHandlerMapping Line:548 - Mapped "{[/users/],methods=[GET]}" onto public java.util.List<org.codingworld.time.entity.User> org.codingworld.time.controller.UserController.getUserList()
===2018-05-07 16:42:27.906 INFO  org.springframework.web.servlet.mvc.method.annotation.RequestMappingHandlerMapping Line:548 - Mapped "{[/users/],methods=[POST]}" onto public java.lang.String org.codingworld.time.controller.UserController.postUser(org.codingworld.time.entity.User)
===2018-05-07 16:42:27.909 INFO  org.springframework.web.servlet.mvc.method.annotation.RequestMappingHandlerMapping Line:548 - Mapped "{[/users/{id}],methods=[GET]}" onto public org.codingworld.time.entity.User org.codingworld.time.controller.UserController.getUser(java.lang.Long)
===2018-05-07 16:42:27.911 INFO  org.springframework.web.servlet.mvc.method.annotation.RequestMappingHandlerMapping Line:548 - Mapped "{[/users/{id}],methods=[PUT]}" onto public java.lang.String org.codingworld.time.controller.UserController.putUser(java.lang.Long,org.codingworld.time.entity.User)
===2018-05-07 16:42:27.914 INFO  org.springframework.web.servlet.mvc.method.annotation.RequestMappingHandlerMapping Line:548 - Mapped "{[/users/{id}],methods=[DELETE]}" onto public java.lang.String org.codingworld.time.controller.UserController.delUser(java.lang.Long)
===2018-05-07 16:42:27.917 INFO  org.springframework.web.servlet.mvc.method.annotation.RequestMappingHandlerMapping Line:548 - Mapped "{[/v2/api-docs],methods=[GET]}" onto public org.springframework.http.ResponseEntity<springfox.documentation.spring.web.json.Json> springfox.documentation.swagger2.web.Swagger2Controller.getDocumentation(java.lang.String)
===2018-05-07 16:42:27.928 INFO  org.springframework.web.servlet.mvc.method.annotation.RequestMappingHandlerMapping Line:548 - Mapped "{[/configuration/security]}" onto org.springframework.http.ResponseEntity<springfox.documentation.swagger.web.SecurityConfiguration> springfox.documentation.swagger.web.ApiResourceController.securityConfiguration()
===2018-05-07 16:42:27.931 INFO  org.springframework.web.servlet.mvc.method.annotation.RequestMappingHandlerMapping Line:548 - Mapped "{[/swagger-resources]}" onto org.springframework.http.ResponseEntity<java.util.List<springfox.documentation.swagger.web.SwaggerResource>> springfox.documentation.swagger.web.ApiResourceController.swaggerResources()
===2018-05-07 16:42:27.934 INFO  org.springframework.web.servlet.mvc.method.annotation.RequestMappingHandlerMapping Line:548 - Mapped "{[/configuration/ui]}" onto org.springframework.http.ResponseEntity<springfox.documentation.swagger.web.UiConfiguration> springfox.documentation.swagger.web.ApiResourceController.uiConfiguration()
===2018-05-07 16:42:27.948 INFO  org.springframework.web.servlet.mvc.method.annotation.RequestMappingHandlerMapping Line:548 - Mapped "{[/error]}" onto public org.springframework.http.ResponseEntity<java.util.Map<java.lang.String, java.lang.Object>> org.springframework.boot.autoconfigure.web.servlet.error.BasicErrorController.error(javax.servlet.http.HttpServletRequest)
===2018-05-07 16:42:27.950 INFO  org.springframework.web.servlet.mvc.method.annotation.RequestMappingHandlerMapping Line:548 - Mapped "{[/error],produces=[text/html]}" onto public org.springframework.web.servlet.ModelAndView org.springframework.boot.autoconfigure.web.servlet.error.BasicErrorController.errorHtml(javax.servlet.http.HttpServletRequest,javax.servlet.http.HttpServletResponse)
===2018-05-07 16:42:30.430 INFO  org.springframework.web.servlet.mvc.method.annotation.RequestMappingHandlerAdapter Line:567 - Looking for @ControllerAdvice: org.springframework.web.context.support.GenericWebApplicationContext@6f8e8894: startup date [Mon May 07 16:42:15 CST 2018]; root of context hierarchy
===2018-05-07 16:42:30.576 INFO  org.springframework.web.servlet.handler.SimpleUrlHandlerMapping Line:373 - Mapped URL path [/webjars/**] onto handler of type [class org.springframework.web.servlet.resource.ResourceHttpRequestHandler]
===2018-05-07 16:42:30.577 INFO  org.springframework.web.servlet.handler.SimpleUrlHandlerMapping Line:373 - Mapped URL path [/static/**] onto handler of type [class org.springframework.web.servlet.resource.ResourceHttpRequestHandler]
===2018-05-07 16:42:30.697 INFO  org.springframework.web.servlet.handler.SimpleUrlHandlerMapping Line:373 - Mapped URL path [/**/favicon.ico] onto handler of type [class org.springframework.web.servlet.resource.ResourceHttpRequestHandler]
===2018-05-07 16:42:32.467 INFO  springfox.documentation.spring.web.plugins.DocumentationPluginsBootstrapper Line:80  - Context refreshed
===2018-05-07 16:42:32.533 INFO  springfox.documentation.spring.web.plugins.DocumentationPluginsBootstrapper Line:83  - Found {0} custom documentation plugin(s)
===2018-05-07 16:42:32.549 INFO  springfox.documentation.spring.web.scanners.ApiListingReferenceScanner Line:53  - Scanning for api listing references
===2018-05-07 16:42:32.559 INFO  springfox.documentation.swagger.web.ClassOrApiAnnotationResourceGrouping Line:100 - Group for method findCityById was city-controller
===2018-05-07 16:42:32.564 INFO  springfox.documentation.spring.web.scanners.ApiListingReferenceScanner Line:72  - Request mapping: findCityById belongs to groups: [[ResourceGroup{groupName='city-controller', position=0, controller=org.codingworld.time.controller.base.CityController}]] 
===2018-05-07 16:42:32.566 INFO  springfox.documentation.swagger.web.ClassOrApiAnnotationResourceGrouping Line:100 - Group for method modifyCity was city-controller
===2018-05-07 16:42:32.567 INFO  springfox.documentation.spring.web.scanners.ApiListingReferenceScanner Line:72  - Request mapping: modifyCity belongs to groups: [[ResourceGroup{groupName='city-controller', position=0, controller=org.codingworld.time.controller.base.CityController}]] 
===2018-05-07 16:42:32.568 INFO  springfox.documentation.swagger.web.ClassOrApiAnnotationResourceGrouping Line:100 - Group for method deleteCityById was city-controller
===2018-05-07 16:42:32.570 INFO  springfox.documentation.spring.web.scanners.ApiListingReferenceScanner Line:72  - Request mapping: deleteCityById belongs to groups: [[ResourceGroup{groupName='city-controller', position=0, controller=org.codingworld.time.controller.base.CityController}]] 
===2018-05-07 16:42:32.571 INFO  springfox.documentation.swagger.web.ClassOrApiAnnotationResourceGrouping Line:100 - Group for method createCity was city-controller
===2018-05-07 16:42:32.573 INFO  springfox.documentation.spring.web.scanners.ApiListingReferenceScanner Line:72  - Request mapping: createCity belongs to groups: [[ResourceGroup{groupName='city-controller', position=0, controller=org.codingworld.time.controller.base.CityController}]] 
===2018-05-07 16:42:32.575 INFO  springfox.documentation.swagger.web.ClassOrApiAnnotationResourceGrouping Line:100 - Group for method findAll was city-controller
===2018-05-07 16:42:32.575 INFO  springfox.documentation.spring.web.scanners.ApiListingReferenceScanner Line:72  - Request mapping: findAll belongs to groups: [[ResourceGroup{groupName='city-controller', position=0, controller=org.codingworld.time.controller.base.CityController}]] 
===2018-05-07 16:42:32.577 INFO  springfox.documentation.swagger.web.ClassOrApiAnnotationResourceGrouping Line:100 - Group for method cityLIst was city-controller
===2018-05-07 16:42:32.578 INFO  springfox.documentation.spring.web.scanners.ApiListingReferenceScanner Line:72  - Request mapping: cityLIst belongs to groups: [[ResourceGroup{groupName='city-controller', position=0, controller=org.codingworld.time.controller.base.CityController}]] 
===2018-05-07 16:42:32.580 INFO  springfox.documentation.swagger.web.ClassOrApiAnnotationResourceGrouping Line:100 - Group for method queryCityList was city-controller
===2018-05-07 16:42:32.581 INFO  springfox.documentation.spring.web.scanners.ApiListingReferenceScanner Line:72  - Request mapping: queryCityList belongs to groups: [[ResourceGroup{groupName='city-controller', position=0, controller=org.codingworld.time.controller.base.CityController}]] 
===2018-05-07 16:42:32.582 INFO  springfox.documentation.swagger.web.ClassOrApiAnnotationResourceGrouping Line:100 - Group for method home was hello-controller
===2018-05-07 16:42:32.583 INFO  springfox.documentation.spring.web.scanners.ApiListingReferenceScanner Line:72  - Request mapping: home belongs to groups: [[ResourceGroup{groupName='hello-controller', position=0, controller=org.codingworld.time.controller.HelloController}]] 
===2018-05-07 16:42:32.585 INFO  springfox.documentation.swagger.web.ClassOrApiAnnotationResourceGrouping Line:100 - Group for method test was hello-controller
===2018-05-07 16:42:32.586 INFO  springfox.documentation.spring.web.scanners.ApiListingReferenceScanner Line:72  - Request mapping: test belongs to groups: [[ResourceGroup{groupName='hello-controller', position=0, controller=org.codingworld.time.controller.HelloController}]] 
===2018-05-07 16:42:32.587 INFO  springfox.documentation.swagger.web.ClassOrApiAnnotationResourceGrouping Line:100 - Group for method homePage was home-ctr
===2018-05-07 16:42:32.588 INFO  springfox.documentation.spring.web.scanners.ApiListingReferenceScanner Line:72  - Request mapping: homePage belongs to groups: [[ResourceGroup{groupName='home-ctr', position=0, controller=org.codingworld.time.controller.HomeCtr}]] 
===2018-05-07 16:42:32.590 INFO  springfox.documentation.swagger.web.ClassOrApiAnnotationResourceGrouping Line:100 - Group for method getUserList was user-controller
===2018-05-07 16:42:32.591 INFO  springfox.documentation.spring.web.scanners.ApiListingReferenceScanner Line:72  - Request mapping: getUserList belongs to groups: [[ResourceGroup{groupName='user-controller', position=0, controller=org.codingworld.time.controller.UserController}]] 
===2018-05-07 16:42:32.592 INFO  springfox.documentation.swagger.web.ClassOrApiAnnotationResourceGrouping Line:100 - Group for method postUser was user-controller
===2018-05-07 16:42:32.593 INFO  springfox.documentation.spring.web.scanners.ApiListingReferenceScanner Line:72  - Request mapping: postUser belongs to groups: [[ResourceGroup{groupName='user-controller', position=0, controller=org.codingworld.time.controller.UserController}]] 
===2018-05-07 16:42:32.598 INFO  springfox.documentation.swagger.web.ClassOrApiAnnotationResourceGrouping Line:100 - Group for method getUser was user-controller
===2018-05-07 16:42:32.599 INFO  springfox.documentation.spring.web.scanners.ApiListingReferenceScanner Line:72  - Request mapping: getUser belongs to groups: [[ResourceGroup{groupName='user-controller', position=0, controller=org.codingworld.time.controller.UserController}]] 
===2018-05-07 16:42:32.600 INFO  springfox.documentation.swagger.web.ClassOrApiAnnotationResourceGrouping Line:100 - Group for method putUser was user-controller
===2018-05-07 16:42:32.601 INFO  springfox.documentation.spring.web.scanners.ApiListingReferenceScanner Line:72  - Request mapping: putUser belongs to groups: [[ResourceGroup{groupName='user-controller', position=0, controller=org.codingworld.time.controller.UserController}]] 
===2018-05-07 16:42:32.602 INFO  springfox.documentation.swagger.web.ClassOrApiAnnotationResourceGrouping Line:100 - Group for method delUser was user-controller
===2018-05-07 16:42:32.603 INFO  springfox.documentation.spring.web.scanners.ApiListingReferenceScanner Line:72  - Request mapping: delUser belongs to groups: [[ResourceGroup{groupName='user-controller', position=0, controller=org.codingworld.time.controller.UserController}]] 
===2018-05-07 16:42:32.610 INFO  springfox.documentation.spring.web.scanners.ApiListingReferenceScanner Line:84  - Created resource listing Path: /default/city-controller Description: city-controller Position: 0
===2018-05-07 16:42:32.612 INFO  springfox.documentation.spring.web.scanners.ApiListingReferenceScanner Line:84  - Created resource listing Path: /default/home-ctr Description: home-ctr Position: 0
===2018-05-07 16:42:32.614 INFO  springfox.documentation.spring.web.scanners.ApiListingReferenceScanner Line:84  - Created resource listing Path: /default/hello-controller Description: hello-controller Position: 0
===2018-05-07 16:42:32.615 INFO  springfox.documentation.spring.web.scanners.ApiListingReferenceScanner Line:84  - Created resource listing Path: /default/user-controller Description: user-controller Position: 0
===2018-05-07 16:42:32.676 INFO  springfox.documentation.schema.ModelContextKeyGenerator Line:46  - Cache Key Generated: java.lang.String(true)
===2018-05-07 16:42:32.677 INFO  springfox.documentation.spring.web.caching.CachingAspect Line:79  - Caching aspect applied for cache models with key java.lang.String(true)
===2018-05-07 16:42:32.707 INFO  springfox.documentation.schema.ModelContextKeyGenerator Line:46  - Cache Key Generated: java.lang.String(true)
===2018-05-07 16:42:32.708 INFO  springfox.documentation.spring.web.caching.CachingAspect Line:79  - Caching aspect applied for cache modelDependencies with key java.lang.String(true)
===2018-05-07 16:42:32.735 INFO  springfox.documentation.spring.web.OperationsKeyGenerator Line:51  - Cache key generated: /city/citylist.org.codingworld.time.controller.base.CityController.cityLIst.DefaultGenericTypeNamingStrategy
===2018-05-07 16:42:32.736 INFO  springfox.documentation.spring.web.caching.CachingAspect Line:68  - Caching aspect applied for cache operations with key /city/citylist.org.codingworld.time.controller.base.CityController.cityLIst.DefaultGenericTypeNamingStrategy
===2018-05-07 16:42:32.810 INFO  springfox.documentation.swagger.web.ClassOrApiAnnotationResourceGrouping Line:100 - Group for method cityLIst was city-controller
===2018-05-07 16:42:32.823 INFO  springfox.documentation.swagger.web.ClassOrApiAnnotationResourceGrouping Line:100 - Group for method cityLIst was city-controller
===2018-05-07 16:42:32.838 INFO  springfox.documentation.schema.ModelContextKeyGenerator Line:46  - Cache Key Generated: java.lang.Void(true)
===2018-05-07 16:42:32.840 INFO  springfox.documentation.spring.web.caching.CachingAspect Line:79  - Caching aspect applied for cache models with key java.lang.Void(true)
===2018-05-07 16:42:32.841 INFO  springfox.documentation.schema.ModelContextKeyGenerator Line:46  - Cache Key Generated: java.lang.Void(true)
===2018-05-07 16:42:32.850 INFO  springfox.documentation.spring.web.caching.CachingAspect Line:79  - Caching aspect applied for cache modelDependencies with key java.lang.Void(true)
===2018-05-07 16:42:32.854 INFO  springfox.documentation.schema.ModelContextKeyGenerator Line:46  - Cache Key Generated: org.codingworld.time.entity.base.City(false)
===2018-05-07 16:42:32.855 INFO  springfox.documentation.spring.web.caching.CachingAspect Line:79  - Caching aspect applied for cache models with key org.codingworld.time.entity.base.City(false)
===2018-05-07 16:42:32.858 INFO  springfox.documentation.schema.property.ModelPropertiesKeyGenerator Line:48  - Cache key generated: org.codingworld.time.entity.base.City(false)
===2018-05-07 16:42:32.859 INFO  springfox.documentation.spring.web.caching.CachingAspect Line:68  - Caching aspect applied for cache modelProperties with key org.codingworld.time.entity.base.City(false)
===2018-05-07 16:42:32.939 INFO  springfox.documentation.schema.ModelContextKeyGenerator Line:46  - Cache Key Generated: org.codingworld.time.entity.base.City(false)
===2018-05-07 16:42:32.940 INFO  springfox.documentation.spring.web.caching.CachingAspect Line:79  - Caching aspect applied for cache modelDependencies with key org.codingworld.time.entity.base.City(false)
===2018-05-07 16:42:32.941 INFO  springfox.documentation.schema.property.ModelPropertiesKeyGenerator Line:48  - Cache key generated: org.codingworld.time.entity.base.City(false)
===2018-05-07 16:42:32.942 INFO  springfox.documentation.spring.web.caching.CachingAspect Line:68  - Caching aspect applied for cache modelProperties with key org.codingworld.time.entity.base.City(false)
===2018-05-07 16:42:32.948 INFO  springfox.documentation.spring.web.OperationsKeyGenerator Line:51  - Cache key generated: /city/api/city.org.codingworld.time.controller.base.CityController.createCity.DefaultGenericTypeNamingStrategy
===2018-05-07 16:42:32.949 INFO  springfox.documentation.spring.web.caching.CachingAspect Line:68  - Caching aspect applied for cache operations with key /city/api/city.org.codingworld.time.controller.base.CityController.createCity.DefaultGenericTypeNamingStrategy
===2018-05-07 16:42:32.964 INFO  springfox.documentation.swagger.web.ClassOrApiAnnotationResourceGrouping Line:100 - Group for method createCity was city-controller
===2018-05-07 16:42:33.074 INFO  springfox.documentation.swagger.web.ClassOrApiAnnotationResourceGrouping Line:100 - Group for method createCity was city-controller
===2018-05-07 16:42:33.083 INFO  springfox.documentation.schema.ModelContextKeyGenerator Line:46  - Cache Key Generated: java.lang.Void(true)
===2018-05-07 16:42:33.084 INFO  springfox.documentation.spring.web.caching.CachingAspect Line:79  - Caching aspect applied for cache models with key java.lang.Void(true)
===2018-05-07 16:42:33.084 INFO  springfox.documentation.schema.ModelContextKeyGenerator Line:46  - Cache Key Generated: java.lang.Void(true)
===2018-05-07 16:42:33.085 INFO  springfox.documentation.spring.web.caching.CachingAspect Line:79  - Caching aspect applied for cache modelDependencies with key java.lang.Void(true)
===2018-05-07 16:42:33.087 INFO  springfox.documentation.spring.web.OperationsKeyGenerator Line:51  - Cache key generated: /city/api/city/{id}.org.codingworld.time.controller.base.CityController.deleteCityById.DefaultGenericTypeNamingStrategy
===2018-05-07 16:42:33.087 INFO  springfox.documentation.spring.web.caching.CachingAspect Line:68  - Caching aspect applied for cache operations with key /city/api/city/{id}.org.codingworld.time.controller.base.CityController.deleteCityById.DefaultGenericTypeNamingStrategy
===2018-05-07 16:42:33.093 INFO  springfox.documentation.swagger.web.ClassOrApiAnnotationResourceGrouping Line:100 - Group for method deleteCityById was city-controller
===2018-05-07 16:42:33.096 INFO  springfox.documentation.swagger.web.ClassOrApiAnnotationResourceGrouping Line:100 - Group for method deleteCityById was city-controller
===2018-05-07 16:42:33.098 INFO  springfox.documentation.schema.ModelContextKeyGenerator Line:46  - Cache Key Generated: java.util.List<org.codingworld.time.entity.base.City>(true)
===2018-05-07 16:42:33.099 INFO  springfox.documentation.spring.web.caching.CachingAspect Line:79  - Caching aspect applied for cache models with key java.util.List<org.codingworld.time.entity.base.City>(true)
===2018-05-07 16:42:33.100 INFO  springfox.documentation.schema.ModelContextKeyGenerator Line:46  - Cache Key Generated: java.util.List<org.codingworld.time.entity.base.City>(true)
===2018-05-07 16:42:33.100 INFO  springfox.documentation.spring.web.caching.CachingAspect Line:79  - Caching aspect applied for cache modelDependencies with key java.util.List<org.codingworld.time.entity.base.City>(true)
===2018-05-07 16:42:33.102 INFO  springfox.documentation.schema.property.ModelPropertiesKeyGenerator Line:48  - Cache key generated: org.codingworld.time.entity.base.City(true)
===2018-05-07 16:42:33.103 INFO  springfox.documentation.spring.web.caching.CachingAspect Line:68  - Caching aspect applied for cache modelProperties with key org.codingworld.time.entity.base.City(true)
===2018-05-07 16:42:33.112 INFO  springfox.documentation.schema.property.ModelPropertiesKeyGenerator Line:48  - Cache key generated: java.util.List<org.codingworld.time.entity.base.City>(true)
===2018-05-07 16:42:33.113 INFO  springfox.documentation.spring.web.caching.CachingAspect Line:68  - Caching aspect applied for cache modelProperties with key java.util.List<org.codingworld.time.entity.base.City>(true)
===2018-05-07 16:42:33.115 INFO  springfox.documentation.schema.property.ModelPropertiesKeyGenerator Line:48  - Cache key generated: org.codingworld.time.entity.base.City(true)
===2018-05-07 16:42:33.116 INFO  springfox.documentation.spring.web.caching.CachingAspect Line:68  - Caching aspect applied for cache modelProperties with key org.codingworld.time.entity.base.City(true)
===2018-05-07 16:42:33.118 INFO  springfox.documentation.spring.web.OperationsKeyGenerator Line:51  - Cache key generated: /city/api/city.org.codingworld.time.controller.base.CityController.findAll.DefaultGenericTypeNamingStrategy
===2018-05-07 16:42:33.120 INFO  springfox.documentation.spring.web.caching.CachingAspect Line:68  - Caching aspect applied for cache operations with key /city/api/city.org.codingworld.time.controller.base.CityController.findAll.DefaultGenericTypeNamingStrategy
===2018-05-07 16:42:33.122 INFO  springfox.documentation.swagger.web.ClassOrApiAnnotationResourceGrouping Line:100 - Group for method findAll was city-controller
===2018-05-07 16:42:33.125 INFO  springfox.documentation.swagger.web.ClassOrApiAnnotationResourceGrouping Line:100 - Group for method findAll was city-controller
===2018-05-07 16:42:33.129 INFO  springfox.documentation.schema.ModelContextKeyGenerator Line:46  - Cache Key Generated: org.codingworld.time.entity.base.City(true)
===2018-05-07 16:42:33.129 INFO  springfox.documentation.spring.web.caching.CachingAspect Line:79  - Caching aspect applied for cache models with key org.codingworld.time.entity.base.City(true)
===2018-05-07 16:42:33.130 INFO  springfox.documentation.schema.property.ModelPropertiesKeyGenerator Line:48  - Cache key generated: org.codingworld.time.entity.base.City(true)
===2018-05-07 16:42:33.131 INFO  springfox.documentation.spring.web.caching.CachingAspect Line:68  - Caching aspect applied for cache modelProperties with key org.codingworld.time.entity.base.City(true)
===2018-05-07 16:42:33.132 INFO  springfox.documentation.schema.ModelContextKeyGenerator Line:46  - Cache Key Generated: org.codingworld.time.entity.base.City(true)
===2018-05-07 16:42:33.133 INFO  springfox.documentation.spring.web.caching.CachingAspect Line:79  - Caching aspect applied for cache modelDependencies with key org.codingworld.time.entity.base.City(true)
===2018-05-07 16:42:33.134 INFO  springfox.documentation.schema.property.ModelPropertiesKeyGenerator Line:48  - Cache key generated: org.codingworld.time.entity.base.City(true)
===2018-05-07 16:42:33.135 INFO  springfox.documentation.spring.web.caching.CachingAspect Line:68  - Caching aspect applied for cache modelProperties with key org.codingworld.time.entity.base.City(true)
===2018-05-07 16:42:33.136 INFO  springfox.documentation.spring.web.OperationsKeyGenerator Line:51  - Cache key generated: /city/api/city/{id}.org.codingworld.time.controller.base.CityController.findCityById.DefaultGenericTypeNamingStrategy
===2018-05-07 16:42:33.136 INFO  springfox.documentation.spring.web.caching.CachingAspect Line:68  - Caching aspect applied for cache operations with key /city/api/city/{id}.org.codingworld.time.controller.base.CityController.findCityById.DefaultGenericTypeNamingStrategy
===2018-05-07 16:42:33.140 INFO  springfox.documentation.swagger.web.ClassOrApiAnnotationResourceGrouping Line:100 - Group for method findCityById was city-controller
===2018-05-07 16:42:33.145 INFO  springfox.documentation.swagger.web.ClassOrApiAnnotationResourceGrouping Line:100 - Group for method findCityById was city-controller
===2018-05-07 16:42:33.148 INFO  springfox.documentation.schema.ModelContextKeyGenerator Line:46  - Cache Key Generated: java.lang.Void(true)
===2018-05-07 16:42:33.149 INFO  springfox.documentation.spring.web.caching.CachingAspect Line:79  - Caching aspect applied for cache models with key java.lang.Void(true)
===2018-05-07 16:42:33.150 INFO  springfox.documentation.schema.ModelContextKeyGenerator Line:46  - Cache Key Generated: java.lang.Void(true)
===2018-05-07 16:42:33.154 INFO  springfox.documentation.spring.web.caching.CachingAspect Line:79  - Caching aspect applied for cache modelDependencies with key java.lang.Void(true)
===2018-05-07 16:42:33.155 INFO  springfox.documentation.schema.ModelContextKeyGenerator Line:46  - Cache Key Generated: org.codingworld.time.entity.base.City(false)
===2018-05-07 16:42:33.156 INFO  springfox.documentation.spring.web.caching.CachingAspect Line:79  - Caching aspect applied for cache models with key org.codingworld.time.entity.base.City(false)
===2018-05-07 16:42:33.158 INFO  springfox.documentation.schema.ModelContextKeyGenerator Line:46  - Cache Key Generated: org.codingworld.time.entity.base.City(false)
===2018-05-07 16:42:33.159 INFO  springfox.documentation.spring.web.caching.CachingAspect Line:79  - Caching aspect applied for cache modelDependencies with key org.codingworld.time.entity.base.City(false)
===2018-05-07 16:42:33.160 INFO  springfox.documentation.spring.web.OperationsKeyGenerator Line:51  - Cache key generated: /city/api/city/{id}.org.codingworld.time.controller.base.CityController.modifyCity.DefaultGenericTypeNamingStrategy
===2018-05-07 16:42:33.161 INFO  springfox.documentation.spring.web.caching.CachingAspect Line:68  - Caching aspect applied for cache operations with key /city/api/city/{id}.org.codingworld.time.controller.base.CityController.modifyCity.DefaultGenericTypeNamingStrategy
===2018-05-07 16:42:33.167 INFO  springfox.documentation.swagger.web.ClassOrApiAnnotationResourceGrouping Line:100 - Group for method modifyCity was city-controller
===2018-05-07 16:42:33.170 INFO  springfox.documentation.swagger.web.ClassOrApiAnnotationResourceGrouping Line:100 - Group for method modifyCity was city-controller
===2018-05-07 16:42:33.173 INFO  springfox.documentation.schema.ModelContextKeyGenerator Line:46  - Cache Key Generated: org.codingworld.time.common.ResultMessage(true)
===2018-05-07 16:42:33.174 INFO  springfox.documentation.spring.web.caching.CachingAspect Line:79  - Caching aspect applied for cache models with key org.codingworld.time.common.ResultMessage(true)
===2018-05-07 16:42:33.174 INFO  springfox.documentation.schema.property.ModelPropertiesKeyGenerator Line:48  - Cache key generated: org.codingworld.time.common.ResultMessage(true)
===2018-05-07 16:42:33.175 INFO  springfox.documentation.spring.web.caching.CachingAspect Line:68  - Caching aspect applied for cache modelProperties with key org.codingworld.time.common.ResultMessage(true)
===2018-05-07 16:42:33.180 INFO  springfox.documentation.schema.ModelContextKeyGenerator Line:46  - Cache Key Generated: org.codingworld.time.common.ResultMessage(true)
===2018-05-07 16:42:33.181 INFO  springfox.documentation.spring.web.caching.CachingAspect Line:79  - Caching aspect applied for cache modelDependencies with key org.codingworld.time.common.ResultMessage(true)
===2018-05-07 16:42:33.181 INFO  springfox.documentation.schema.property.ModelPropertiesKeyGenerator Line:48  - Cache key generated: org.codingworld.time.common.ResultMessage(true)
===2018-05-07 16:42:33.182 INFO  springfox.documentation.spring.web.caching.CachingAspect Line:68  - Caching aspect applied for cache modelProperties with key org.codingworld.time.common.ResultMessage(true)
===2018-05-07 16:42:33.186 INFO  springfox.documentation.spring.web.OperationsKeyGenerator Line:51  - Cache key generated: /city/queryCityList.json.org.codingworld.time.controller.base.CityController.queryCityList.DefaultGenericTypeNamingStrategy
===2018-05-07 16:42:33.187 INFO  springfox.documentation.spring.web.caching.CachingAspect Line:68  - Caching aspect applied for cache operations with key /city/queryCityList.json.org.codingworld.time.controller.base.CityController.queryCityList.DefaultGenericTypeNamingStrategy
===2018-05-07 16:42:33.190 INFO  springfox.documentation.swagger.web.ClassOrApiAnnotationResourceGrouping Line:100 - Group for method queryCityList was city-controller
===2018-05-07 16:42:33.192 INFO  springfox.documentation.swagger.web.ClassOrApiAnnotationResourceGrouping Line:100 - Group for method queryCityList was city-controller
===2018-05-07 16:42:33.202 INFO  springfox.documentation.schema.ModelContextKeyGenerator Line:46  - Cache Key Generated: java.lang.String(true)
===2018-05-07 16:42:33.203 INFO  springfox.documentation.spring.web.caching.CachingAspect Line:79  - Caching aspect applied for cache models with key java.lang.String(true)
===2018-05-07 16:42:33.203 INFO  springfox.documentation.schema.ModelContextKeyGenerator Line:46  - Cache Key Generated: java.lang.String(true)
===2018-05-07 16:42:33.204 INFO  springfox.documentation.spring.web.caching.CachingAspect Line:79  - Caching aspect applied for cache modelDependencies with key java.lang.String(true)
===2018-05-07 16:42:33.205 INFO  springfox.documentation.spring.web.OperationsKeyGenerator Line:51  - Cache key generated: /hello/home.org.codingworld.time.controller.HelloController.home.DefaultGenericTypeNamingStrategy
===2018-05-07 16:42:33.205 INFO  springfox.documentation.spring.web.caching.CachingAspect Line:68  - Caching aspect applied for cache operations with key /hello/home.org.codingworld.time.controller.HelloController.home.DefaultGenericTypeNamingStrategy
===2018-05-07 16:42:33.206 INFO  springfox.documentation.swagger.web.ClassOrApiAnnotationResourceGrouping Line:100 - Group for method home was hello-controller
===2018-05-07 16:42:33.208 INFO  springfox.documentation.swagger.web.ClassOrApiAnnotationResourceGrouping Line:100 - Group for method home was hello-controller
===2018-05-07 16:42:33.210 INFO  springfox.documentation.swagger.web.ClassOrApiAnnotationResourceGrouping Line:100 - Group for method home was hello-controller
===2018-05-07 16:42:33.213 INFO  springfox.documentation.swagger.web.ClassOrApiAnnotationResourceGrouping Line:100 - Group for method home was hello-controller
===2018-05-07 16:42:33.215 INFO  springfox.documentation.swagger.web.ClassOrApiAnnotationResourceGrouping Line:100 - Group for method home was hello-controller
===2018-05-07 16:42:33.217 INFO  springfox.documentation.swagger.web.ClassOrApiAnnotationResourceGrouping Line:100 - Group for method home was hello-controller
===2018-05-07 16:42:33.221 INFO  springfox.documentation.swagger.web.ClassOrApiAnnotationResourceGrouping Line:100 - Group for method home was hello-controller
===2018-05-07 16:42:33.223 INFO  springfox.documentation.swagger.web.ClassOrApiAnnotationResourceGrouping Line:100 - Group for method home was hello-controller
===2018-05-07 16:42:33.226 INFO  springfox.documentation.swagger.web.ClassOrApiAnnotationResourceGrouping Line:100 - Group for method home was hello-controller
===2018-05-07 16:42:33.230 INFO  springfox.documentation.swagger.web.ClassOrApiAnnotationResourceGrouping Line:100 - Group for method home was hello-controller
===2018-05-07 16:42:33.233 INFO  springfox.documentation.swagger.web.ClassOrApiAnnotationResourceGrouping Line:100 - Group for method home was hello-controller
===2018-05-07 16:42:33.237 INFO  springfox.documentation.swagger.web.ClassOrApiAnnotationResourceGrouping Line:100 - Group for method home was hello-controller
===2018-05-07 16:42:33.239 INFO  springfox.documentation.swagger.web.ClassOrApiAnnotationResourceGrouping Line:100 - Group for method home was hello-controller
===2018-05-07 16:42:33.242 INFO  springfox.documentation.swagger.web.ClassOrApiAnnotationResourceGrouping Line:100 - Group for method home was hello-controller
===2018-05-07 16:42:33.244 INFO  springfox.documentation.swagger.web.ClassOrApiAnnotationResourceGrouping Line:100 - Group for method home was hello-controller
===2018-05-07 16:42:33.246 INFO  springfox.documentation.swagger.web.ClassOrApiAnnotationResourceGrouping Line:100 - Group for method home was hello-controller
===2018-05-07 16:42:33.250 INFO  springfox.documentation.schema.ModelContextKeyGenerator Line:46  - Cache Key Generated: java.lang.String(true)
===2018-05-07 16:42:33.251 INFO  springfox.documentation.spring.web.caching.CachingAspect Line:79  - Caching aspect applied for cache models with key java.lang.String(true)
===2018-05-07 16:42:33.252 INFO  springfox.documentation.schema.ModelContextKeyGenerator Line:46  - Cache Key Generated: java.lang.String(true)
===2018-05-07 16:42:33.253 INFO  springfox.documentation.spring.web.caching.CachingAspect Line:79  - Caching aspect applied for cache modelDependencies with key java.lang.String(true)
===2018-05-07 16:42:33.254 INFO  springfox.documentation.spring.web.OperationsKeyGenerator Line:51  - Cache key generated: /hello/test.org.codingworld.time.controller.HelloController.test.DefaultGenericTypeNamingStrategy
===2018-05-07 16:42:33.255 INFO  springfox.documentation.spring.web.caching.CachingAspect Line:68  - Caching aspect applied for cache operations with key /hello/test.org.codingworld.time.controller.HelloController.test.DefaultGenericTypeNamingStrategy
===2018-05-07 16:42:33.257 INFO  springfox.documentation.swagger.web.ClassOrApiAnnotationResourceGrouping Line:100 - Group for method test was hello-controller
===2018-05-07 16:42:33.260 INFO  springfox.documentation.swagger.web.ClassOrApiAnnotationResourceGrouping Line:100 - Group for method test was hello-controller
===2018-05-07 16:42:33.263 INFO  springfox.documentation.swagger.web.ClassOrApiAnnotationResourceGrouping Line:100 - Group for method test was hello-controller
===2018-05-07 16:42:33.266 INFO  springfox.documentation.swagger.web.ClassOrApiAnnotationResourceGrouping Line:100 - Group for method test was hello-controller
===2018-05-07 16:42:33.268 INFO  springfox.documentation.swagger.web.ClassOrApiAnnotationResourceGrouping Line:100 - Group for method test was hello-controller
===2018-05-07 16:42:33.270 INFO  springfox.documentation.swagger.web.ClassOrApiAnnotationResourceGrouping Line:100 - Group for method test was hello-controller
===2018-05-07 16:42:33.272 INFO  springfox.documentation.swagger.web.ClassOrApiAnnotationResourceGrouping Line:100 - Group for method test was hello-controller
===2018-05-07 16:42:33.275 INFO  springfox.documentation.swagger.web.ClassOrApiAnnotationResourceGrouping Line:100 - Group for method test was hello-controller
===2018-05-07 16:42:33.277 INFO  springfox.documentation.swagger.web.ClassOrApiAnnotationResourceGrouping Line:100 - Group for method test was hello-controller
===2018-05-07 16:42:33.280 INFO  springfox.documentation.swagger.web.ClassOrApiAnnotationResourceGrouping Line:100 - Group for method test was hello-controller
===2018-05-07 16:42:33.288 INFO  springfox.documentation.swagger.web.ClassOrApiAnnotationResourceGrouping Line:100 - Group for method test was hello-controller
===2018-05-07 16:42:33.290 INFO  springfox.documentation.swagger.web.ClassOrApiAnnotationResourceGrouping Line:100 - Group for method test was hello-controller
===2018-05-07 16:42:33.291 INFO  springfox.documentation.swagger.web.ClassOrApiAnnotationResourceGrouping Line:100 - Group for method test was hello-controller
===2018-05-07 16:42:33.292 INFO  springfox.documentation.swagger.web.ClassOrApiAnnotationResourceGrouping Line:100 - Group for method test was hello-controller
===2018-05-07 16:42:33.297 INFO  springfox.documentation.swagger.web.ClassOrApiAnnotationResourceGrouping Line:100 - Group for method test was hello-controller
===2018-05-07 16:42:33.302 INFO  springfox.documentation.swagger.web.ClassOrApiAnnotationResourceGrouping Line:100 - Group for method test was hello-controller
===2018-05-07 16:42:33.312 INFO  springfox.documentation.schema.ModelContextKeyGenerator Line:46  - Cache Key Generated: java.lang.String(true)
===2018-05-07 16:42:33.314 INFO  springfox.documentation.spring.web.caching.CachingAspect Line:79  - Caching aspect applied for cache models with key java.lang.String(true)
===2018-05-07 16:42:33.330 INFO  springfox.documentation.schema.ModelContextKeyGenerator Line:46  - Cache Key Generated: java.lang.String(true)
===2018-05-07 16:42:33.330 INFO  springfox.documentation.spring.web.caching.CachingAspect Line:79  - Caching aspect applied for cache modelDependencies with key java.lang.String(true)
===2018-05-07 16:42:33.331 INFO  springfox.documentation.spring.web.OperationsKeyGenerator Line:51  - Cache key generated: /home/.org.codingworld.time.controller.HomeCtr.homePage.DefaultGenericTypeNamingStrategy
===2018-05-07 16:42:33.331 INFO  springfox.documentation.spring.web.caching.CachingAspect Line:68  - Caching aspect applied for cache operations with key /home/.org.codingworld.time.controller.HomeCtr.homePage.DefaultGenericTypeNamingStrategy
===2018-05-07 16:42:33.334 INFO  springfox.documentation.swagger.web.ClassOrApiAnnotationResourceGrouping Line:100 - Group for method homePage was home-ctr
===2018-05-07 16:42:33.335 INFO  springfox.documentation.swagger.web.ClassOrApiAnnotationResourceGrouping Line:100 - Group for method homePage was home-ctr
===2018-05-07 16:42:33.341 INFO  springfox.documentation.schema.ModelContextKeyGenerator Line:46  - Cache Key Generated: java.lang.String(true)
===2018-05-07 16:42:33.341 INFO  springfox.documentation.spring.web.caching.CachingAspect Line:79  - Caching aspect applied for cache models with key java.lang.String(true)
===2018-05-07 16:42:33.342 INFO  springfox.documentation.schema.ModelContextKeyGenerator Line:46  - Cache Key Generated: java.lang.String(true)
===2018-05-07 16:42:33.342 INFO  springfox.documentation.spring.web.caching.CachingAspect Line:79  - Caching aspect applied for cache modelDependencies with key java.lang.String(true)
===2018-05-07 16:42:33.343 INFO  springfox.documentation.spring.web.OperationsKeyGenerator Line:51  - Cache key generated: /users/{id}.org.codingworld.time.controller.UserController.delUser.DefaultGenericTypeNamingStrategy
===2018-05-07 16:42:33.345 INFO  springfox.documentation.spring.web.caching.CachingAspect Line:68  - Caching aspect applied for cache operations with key /users/{id}.org.codingworld.time.controller.UserController.delUser.DefaultGenericTypeNamingStrategy
===2018-05-07 16:42:33.349 INFO  springfox.documentation.swagger.web.ClassOrApiAnnotationResourceGrouping Line:100 - Group for method delUser was user-controller
===2018-05-07 16:42:33.351 INFO  springfox.documentation.swagger.web.ClassOrApiAnnotationResourceGrouping Line:100 - Group for method delUser was user-controller
===2018-05-07 16:42:33.353 INFO  springfox.documentation.schema.ModelContextKeyGenerator Line:46  - Cache Key Generated: org.codingworld.time.entity.User(true)
===2018-05-07 16:42:33.354 INFO  springfox.documentation.spring.web.caching.CachingAspect Line:79  - Caching aspect applied for cache models with key org.codingworld.time.entity.User(true)
===2018-05-07 16:42:33.354 INFO  springfox.documentation.schema.property.ModelPropertiesKeyGenerator Line:48  - Cache key generated: org.codingworld.time.entity.User(true)
===2018-05-07 16:42:33.355 INFO  springfox.documentation.spring.web.caching.CachingAspect Line:68  - Caching aspect applied for cache modelProperties with key org.codingworld.time.entity.User(true)
===2018-05-07 16:42:33.357 INFO  springfox.documentation.schema.ModelContextKeyGenerator Line:46  - Cache Key Generated: org.codingworld.time.entity.User(true)
===2018-05-07 16:42:33.357 INFO  springfox.documentation.spring.web.caching.CachingAspect Line:79  - Caching aspect applied for cache modelDependencies with key org.codingworld.time.entity.User(true)
===2018-05-07 16:42:33.358 INFO  springfox.documentation.schema.property.ModelPropertiesKeyGenerator Line:48  - Cache key generated: org.codingworld.time.entity.User(true)
===2018-05-07 16:42:33.359 INFO  springfox.documentation.spring.web.caching.CachingAspect Line:68  - Caching aspect applied for cache modelProperties with key org.codingworld.time.entity.User(true)
===2018-05-07 16:42:33.362 INFO  springfox.documentation.spring.web.OperationsKeyGenerator Line:51  - Cache key generated: /users/{id}.org.codingworld.time.controller.UserController.getUser.DefaultGenericTypeNamingStrategy
===2018-05-07 16:42:33.363 INFO  springfox.documentation.spring.web.caching.CachingAspect Line:68  - Caching aspect applied for cache operations with key /users/{id}.org.codingworld.time.controller.UserController.getUser.DefaultGenericTypeNamingStrategy
===2018-05-07 16:42:33.367 INFO  springfox.documentation.swagger.web.ClassOrApiAnnotationResourceGrouping Line:100 - Group for method getUser was user-controller
===2018-05-07 16:42:33.371 INFO  springfox.documentation.swagger.web.ClassOrApiAnnotationResourceGrouping Line:100 - Group for method getUser was user-controller
===2018-05-07 16:42:33.376 INFO  springfox.documentation.schema.ModelContextKeyGenerator Line:46  - Cache Key Generated: java.util.List<org.codingworld.time.entity.User>(true)
===2018-05-07 16:42:33.376 INFO  springfox.documentation.spring.web.caching.CachingAspect Line:79  - Caching aspect applied for cache models with key java.util.List<org.codingworld.time.entity.User>(true)
===2018-05-07 16:42:33.377 INFO  springfox.documentation.schema.ModelContextKeyGenerator Line:46  - Cache Key Generated: java.util.List<org.codingworld.time.entity.User>(true)
===2018-05-07 16:42:33.378 INFO  springfox.documentation.spring.web.caching.CachingAspect Line:79  - Caching aspect applied for cache modelDependencies with key java.util.List<org.codingworld.time.entity.User>(true)
===2018-05-07 16:42:33.379 INFO  springfox.documentation.schema.property.ModelPropertiesKeyGenerator Line:48  - Cache key generated: org.codingworld.time.entity.User(true)
===2018-05-07 16:42:33.380 INFO  springfox.documentation.spring.web.caching.CachingAspect Line:68  - Caching aspect applied for cache modelProperties with key org.codingworld.time.entity.User(true)
===2018-05-07 16:42:33.382 INFO  springfox.documentation.schema.property.ModelPropertiesKeyGenerator Line:48  - Cache key generated: java.util.List<org.codingworld.time.entity.User>(true)
===2018-05-07 16:42:33.383 INFO  springfox.documentation.spring.web.caching.CachingAspect Line:68  - Caching aspect applied for cache modelProperties with key java.util.List<org.codingworld.time.entity.User>(true)
===2018-05-07 16:42:33.385 INFO  springfox.documentation.schema.property.ModelPropertiesKeyGenerator Line:48  - Cache key generated: org.codingworld.time.entity.User(true)
===2018-05-07 16:42:33.385 INFO  springfox.documentation.spring.web.caching.CachingAspect Line:68  - Caching aspect applied for cache modelProperties with key org.codingworld.time.entity.User(true)
===2018-05-07 16:42:33.386 INFO  springfox.documentation.spring.web.OperationsKeyGenerator Line:51  - Cache key generated: /users/.org.codingworld.time.controller.UserController.getUserList.DefaultGenericTypeNamingStrategy
===2018-05-07 16:42:33.387 INFO  springfox.documentation.spring.web.caching.CachingAspect Line:68  - Caching aspect applied for cache operations with key /users/.org.codingworld.time.controller.UserController.getUserList.DefaultGenericTypeNamingStrategy
===2018-05-07 16:42:33.388 INFO  springfox.documentation.swagger.web.ClassOrApiAnnotationResourceGrouping Line:100 - Group for method getUserList was user-controller
===2018-05-07 16:42:33.391 INFO  springfox.documentation.swagger.web.ClassOrApiAnnotationResourceGrouping Line:100 - Group for method getUserList was user-controller
===2018-05-07 16:42:33.394 INFO  springfox.documentation.schema.ModelContextKeyGenerator Line:46  - Cache Key Generated: java.lang.String(true)
===2018-05-07 16:42:33.394 INFO  springfox.documentation.spring.web.caching.CachingAspect Line:79  - Caching aspect applied for cache models with key java.lang.String(true)
===2018-05-07 16:42:33.395 INFO  springfox.documentation.schema.ModelContextKeyGenerator Line:46  - Cache Key Generated: java.lang.String(true)
===2018-05-07 16:42:33.396 INFO  springfox.documentation.spring.web.caching.CachingAspect Line:79  - Caching aspect applied for cache modelDependencies with key java.lang.String(true)
===2018-05-07 16:42:33.397 INFO  springfox.documentation.spring.web.OperationsKeyGenerator Line:51  - Cache key generated: /users/.org.codingworld.time.controller.UserController.postUser.DefaultGenericTypeNamingStrategy
===2018-05-07 16:42:33.397 INFO  springfox.documentation.spring.web.caching.CachingAspect Line:68  - Caching aspect applied for cache operations with key /users/.org.codingworld.time.controller.UserController.postUser.DefaultGenericTypeNamingStrategy
===2018-05-07 16:42:33.418 INFO  springfox.documentation.swagger.web.ClassOrApiAnnotationResourceGrouping Line:100 - Group for method postUser was user-controller
===2018-05-07 16:42:33.421 INFO  springfox.documentation.swagger.web.ClassOrApiAnnotationResourceGrouping Line:100 - Group for method postUser was user-controller
===2018-05-07 16:42:33.424 INFO  springfox.documentation.schema.ModelContextKeyGenerator Line:46  - Cache Key Generated: java.lang.String(true)
===2018-05-07 16:42:33.425 INFO  springfox.documentation.spring.web.caching.CachingAspect Line:79  - Caching aspect applied for cache models with key java.lang.String(true)
===2018-05-07 16:42:33.425 INFO  springfox.documentation.schema.ModelContextKeyGenerator Line:46  - Cache Key Generated: java.lang.String(true)
===2018-05-07 16:42:33.426 INFO  springfox.documentation.spring.web.caching.CachingAspect Line:79  - Caching aspect applied for cache modelDependencies with key java.lang.String(true)
===2018-05-07 16:42:33.427 INFO  springfox.documentation.spring.web.OperationsKeyGenerator Line:51  - Cache key generated: /users/{id}.org.codingworld.time.controller.UserController.putUser.DefaultGenericTypeNamingStrategy
===2018-05-07 16:42:33.427 INFO  springfox.documentation.spring.web.caching.CachingAspect Line:68  - Caching aspect applied for cache operations with key /users/{id}.org.codingworld.time.controller.UserController.putUser.DefaultGenericTypeNamingStrategy
===2018-05-07 16:42:33.432 INFO  springfox.documentation.swagger.web.ClassOrApiAnnotationResourceGrouping Line:100 - Group for method putUser was user-controller
===2018-05-07 16:42:33.434 INFO  springfox.documentation.swagger.web.ClassOrApiAnnotationResourceGrouping Line:100 - Group for method putUser was user-controller
===2018-05-07 16:42:33.552 INFO  org.codingworld.time.TimeApplicationTests Line:59  - Started TimeApplicationTests in 22.844 seconds (JVM running for 39.797)
===2018-05-07 16:42:34.121 INFO  org.springframework.web.context.support.GenericWebApplicationContext Line:989 - Closing org.springframework.web.context.support.GenericWebApplicationContext@6f8e8894: startup date [Mon May 07 16:42:15 CST 2018]; root of context hierarchy
