===2018-05-06 09:45:34.128 ERROR org.springframework.boot.SpringApplication Line:833 - Application run failed
java.lang.IllegalStateException: Logback configuration error detected: 
ERROR in ch.qos.logback.core.joran.conditional.IfAction - Could not find Janino library on the class path. Skipping conditional processing.
ERROR in ch.qos.logback.core.joran.conditional.IfAction - See also http://logback.qos.ch/codes.html#ifJanino
	at org.springframework.boot.logging.logback.LogbackLoggingSystem.loadConfiguration(LogbackLoggingSystem.java:166)
	at org.springframework.boot.logging.AbstractLoggingSystem.initializeWithConventions(AbstractLoggingSystem.java:82)
	at org.springframework.boot.logging.AbstractLoggingSystem.initialize(AbstractLoggingSystem.java:60)
	at org.springframework.boot.logging.logback.LogbackLoggingSystem.initialize(LogbackLoggingSystem.java:114)
	at org.springframework.boot.context.logging.LoggingApplicationListener.initializeSystem(LoggingApplicationListener.java:264)
	at org.springframework.boot.context.logging.LoggingApplicationListener.initialize(LoggingApplicationListener.java:237)
	at org.springframework.boot.context.logging.LoggingApplicationListener.onApplicationEnvironmentPreparedEvent(LoggingApplicationListener.java:200)
	at org.springframework.boot.context.logging.LoggingApplicationListener.onApplicationEvent(LoggingApplicationListener.java:173)
	at org.springframework.context.event.SimpleApplicationEventMulticaster.doInvokeListener(SimpleApplicationEventMulticaster.java:172)
	at org.springframework.context.event.SimpleApplicationEventMulticaster.invokeListener(SimpleApplicationEventMulticaster.java:165)
	at org.springframework.context.event.SimpleApplicationEventMulticaster.multicastEvent(SimpleApplicationEventMulticaster.java:139)
	at org.springframework.context.event.SimpleApplicationEventMulticaster.multicastEvent(SimpleApplicationEventMulticaster.java:127)
	at org.springframework.boot.context.event.EventPublishingRunListener.environmentPrepared(EventPublishingRunListener.java:74)
	at org.springframework.boot.SpringApplicationRunListeners.environmentPrepared(SpringApplicationRunListeners.java:54)
	at org.springframework.boot.SpringApplication.prepareEnvironment(SpringApplication.java:351)
	at org.springframework.boot.SpringApplication.run(SpringApplication.java:317)
	at org.springframework.boot.SpringApplication.run(SpringApplication.java:1246)
	at org.springframework.boot.SpringApplication.run(SpringApplication.java:1234)
	at org.codingworld.time.Application.main(Application.java:15)
===2018-05-06 09:49:56.096 ERROR org.apache.catalina.core.AprLifecycleListener Line:180 - An incompatible version [1.2.12] of the APR based Apache Tomcat Native library is installed, while Tomcat requires version [1.2.14]
===2018-05-06 09:49:56.713 ERROR org.apache.catalina.core.AprLifecycleListener Line:180 - An incompatible version [1.2.12] of the APR based Apache Tomcat Native library is installed, while Tomcat requires version [1.2.14]
===2018-05-06 09:49:56.792 ERROR org.apache.catalina.core.AprLifecycleListener Line:180 - An incompatible version [1.2.12] of the APR based Apache Tomcat Native library is installed, while Tomcat requires version [1.2.14]
===2018-05-06 09:50:25.219 ERROR org.apache.catalina.core.AprLifecycleListener Line:180 - An incompatible version [1.2.12] of the APR based Apache Tomcat Native library is installed, while Tomcat requires version [1.2.14]
===2018-05-06 10:11:06.059 ERROR org.apache.catalina.core.AprLifecycleListener Line:180 - An incompatible version [1.2.12] of the APR based Apache Tomcat Native library is installed, while Tomcat requires version [1.2.14]
===2018-05-06 10:11:06.205 ERROR org.apache.catalina.core.AprLifecycleListener Line:180 - An incompatible version [1.2.12] of the APR based Apache Tomcat Native library is installed, while Tomcat requires version [1.2.14]
===2018-05-06 10:11:06.222 ERROR org.apache.catalina.core.AprLifecycleListener Line:180 - An incompatible version [1.2.12] of the APR based Apache Tomcat Native library is installed, while Tomcat requires version [1.2.14]
===2018-05-06 10:11:26.768 ERROR org.apache.catalina.core.AprLifecycleListener Line:180 - An incompatible version [1.2.12] of the APR based Apache Tomcat Native library is installed, while Tomcat requires version [1.2.14]
===2018-05-06 10:13:08.963 ERROR org.apache.catalina.core.AprLifecycleListener Line:180 - An incompatible version [1.2.12] of the APR based Apache Tomcat Native library is installed, while Tomcat requires version [1.2.14]
===2018-05-06 10:13:09.126 ERROR org.apache.catalina.core.AprLifecycleListener Line:180 - An incompatible version [1.2.12] of the APR based Apache Tomcat Native library is installed, while Tomcat requires version [1.2.14]
===2018-05-06 10:13:09.155 ERROR org.apache.catalina.core.AprLifecycleListener Line:180 - An incompatible version [1.2.12] of the APR based Apache Tomcat Native library is installed, while Tomcat requires version [1.2.14]
===2018-05-06 10:13:45.030 ERROR org.apache.catalina.core.AprLifecycleListener Line:180 - An incompatible version [1.2.12] of the APR based Apache Tomcat Native library is installed, while Tomcat requires version [1.2.14]
===2018-05-06 10:14:20.120 ERROR org.apache.catalina.core.AprLifecycleListener Line:180 - An incompatible version [1.2.12] of the APR based Apache Tomcat Native library is installed, while Tomcat requires version [1.2.14]
===2018-05-06 10:14:20.324 ERROR org.apache.catalina.core.AprLifecycleListener Line:180 - An incompatible version [1.2.12] of the APR based Apache Tomcat Native library is installed, while Tomcat requires version [1.2.14]
===2018-05-06 10:14:20.365 ERROR org.apache.catalina.core.AprLifecycleListener Line:180 - An incompatible version [1.2.12] of the APR based Apache Tomcat Native library is installed, while Tomcat requires version [1.2.14]
===2018-05-06 10:15:33.822 ERROR org.apache.catalina.core.AprLifecycleListener Line:180 - An incompatible version [1.2.12] of the APR based Apache Tomcat Native library is installed, while Tomcat requires version [1.2.14]
===2018-05-06 10:15:33.953 ERROR org.apache.catalina.core.AprLifecycleListener Line:180 - An incompatible version [1.2.12] of the APR based Apache Tomcat Native library is installed, while Tomcat requires version [1.2.14]
===2018-05-06 10:15:33.973 ERROR org.apache.catalina.core.AprLifecycleListener Line:180 - An incompatible version [1.2.12] of the APR based Apache Tomcat Native library is installed, while Tomcat requires version [1.2.14]
===2018-05-06 10:15:46.747 ERROR org.apache.catalina.core.AprLifecycleListener Line:180 - An incompatible version [1.2.12] of the APR based Apache Tomcat Native library is installed, while Tomcat requires version [1.2.14]
===2018-05-06 10:20:45.905 ERROR org.apache.catalina.core.AprLifecycleListener Line:180 - An incompatible version [1.2.12] of the APR based Apache Tomcat Native library is installed, while Tomcat requires version [1.2.14]
===2018-05-06 10:20:46.063 ERROR org.apache.catalina.core.AprLifecycleListener Line:180 - An incompatible version [1.2.12] of the APR based Apache Tomcat Native library is installed, while Tomcat requires version [1.2.14]
===2018-05-06 10:20:46.089 ERROR org.apache.catalina.core.AprLifecycleListener Line:180 - An incompatible version [1.2.12] of the APR based Apache Tomcat Native library is installed, while Tomcat requires version [1.2.14]
===2018-05-06 10:21:03.069 ERROR org.apache.catalina.core.AprLifecycleListener Line:180 - An incompatible version [1.2.12] of the APR based Apache Tomcat Native library is installed, while Tomcat requires version [1.2.14]
===2018-05-06 10:23:00.394 ERROR org.apache.catalina.core.AprLifecycleListener Line:180 - An incompatible version [1.2.12] of the APR based Apache Tomcat Native library is installed, while Tomcat requires version [1.2.14]
===2018-05-06 10:23:00.538 ERROR org.apache.catalina.core.AprLifecycleListener Line:180 - An incompatible version [1.2.12] of the APR based Apache Tomcat Native library is installed, while Tomcat requires version [1.2.14]
===2018-05-06 10:23:00.563 ERROR org.apache.catalina.core.AprLifecycleListener Line:180 - An incompatible version [1.2.12] of the APR based Apache Tomcat Native library is installed, while Tomcat requires version [1.2.14]
===2018-05-06 10:23:27.723 ERROR org.apache.catalina.core.AprLifecycleListener Line:180 - An incompatible version [1.2.12] of the APR based Apache Tomcat Native library is installed, while Tomcat requires version [1.2.14]
===2018-05-06 10:25:51.626 ERROR org.apache.catalina.core.AprLifecycleListener Line:180 - An incompatible version [1.2.12] of the APR based Apache Tomcat Native library is installed, while Tomcat requires version [1.2.14]
===2018-05-06 10:25:51.798 ERROR org.apache.catalina.core.AprLifecycleListener Line:180 - An incompatible version [1.2.12] of the APR based Apache Tomcat Native library is installed, while Tomcat requires version [1.2.14]
===2018-05-06 10:25:51.828 ERROR org.apache.catalina.core.AprLifecycleListener Line:180 - An incompatible version [1.2.12] of the APR based Apache Tomcat Native library is installed, while Tomcat requires version [1.2.14]
===2018-05-06 10:25:59.915 ERROR org.apache.catalina.core.AprLifecycleListener Line:180 - An incompatible version [1.2.12] of the APR based Apache Tomcat Native library is installed, while Tomcat requires version [1.2.14]
===2018-05-06 10:34:38.766 ERROR org.apache.catalina.core.AprLifecycleListener Line:180 - An incompatible version [1.2.12] of the APR based Apache Tomcat Native library is installed, while Tomcat requires version [1.2.14]
===2018-05-06 10:34:38.930 ERROR org.apache.catalina.core.AprLifecycleListener Line:180 - An incompatible version [1.2.12] of the APR based Apache Tomcat Native library is installed, while Tomcat requires version [1.2.14]
===2018-05-06 10:34:38.953 ERROR org.apache.catalina.core.AprLifecycleListener Line:180 - An incompatible version [1.2.12] of the APR based Apache Tomcat Native library is installed, while Tomcat requires version [1.2.14]
===2018-05-06 10:34:50.193 ERROR org.apache.catalina.core.AprLifecycleListener Line:180 - An incompatible version [1.2.12] of the APR based Apache Tomcat Native library is installed, while Tomcat requires version [1.2.14]
===2018-05-06 11:03:56.347 ERROR org.apache.catalina.core.AprLifecycleListener Line:180 - An incompatible version [1.2.12] of the APR based Apache Tomcat Native library is installed, while Tomcat requires version [1.2.14]
===2018-05-06 11:03:56.560 ERROR org.apache.catalina.core.AprLifecycleListener Line:180 - An incompatible version [1.2.12] of the APR based Apache Tomcat Native library is installed, while Tomcat requires version [1.2.14]
===2018-05-06 11:03:56.581 ERROR org.apache.catalina.core.AprLifecycleListener Line:180 - An incompatible version [1.2.12] of the APR based Apache Tomcat Native library is installed, while Tomcat requires version [1.2.14]
===2018-05-06 11:04:23.784 ERROR org.apache.catalina.core.AprLifecycleListener Line:180 - An incompatible version [1.2.12] of the APR based Apache Tomcat Native library is installed, while Tomcat requires version [1.2.14]
===2018-05-06 12:20:47.493 ERROR org.apache.catalina.core.AprLifecycleListener Line:180 - An incompatible version [1.2.12] of the APR based Apache Tomcat Native library is installed, while Tomcat requires version [1.2.14]
===2018-05-06 12:20:47.633 ERROR org.apache.catalina.core.AprLifecycleListener Line:180 - An incompatible version [1.2.12] of the APR based Apache Tomcat Native library is installed, while Tomcat requires version [1.2.14]
===2018-05-06 12:20:47.654 ERROR org.apache.catalina.core.AprLifecycleListener Line:180 - An incompatible version [1.2.12] of the APR based Apache Tomcat Native library is installed, while Tomcat requires version [1.2.14]
===2018-05-06 12:20:51.348 ERROR org.springframework.boot.SpringApplication Line:833 - Application run failed
org.springframework.beans.factory.BeanCreationException: Error creating bean with name 'cityController': Injection of resource dependencies failed; nested exception is org.springframework.beans.factory.UnsatisfiedDependencyException: Error creating bean with name 'cityServiceImpl': Unsatisfied dependency expressed through field 'cityDao'; nested exception is org.springframework.beans.factory.UnsatisfiedDependencyException: Error creating bean with name 'cityDao' defined in file [D:\jackie\project\me\time\target\classes\org\codingworld\time\dao\base\CityDao.class]: Unsatisfied dependency expressed through bean property 'sqlSessionFactory'; nested exception is org.springframework.beans.factory.BeanCreationException: Error creating bean with name 'sqlSessionFactory' defined in class path resource [org/mybatis/spring/boot/autoconfigure/MybatisAutoConfiguration.class]: Bean instantiation via factory method failed; nested exception is org.springframework.beans.BeanInstantiationException: Failed to instantiate [org.apache.ibatis.session.SqlSessionFactory]: Factory method 'sqlSessionFactory' threw exception; nested exception is org.springframework.core.NestedIOException: Failed to parse mapping resource: 'file [D:\jackie\project\me\time\target\classes\mapper\CityDao.xml]'; nested exception is org.apache.ibatis.builder.BuilderException: Error creating document instance.  Cause: org.xml.sax.SAXParseException; lineNumber: 131; columnNumber: 31; 元素类型 "select" 必须后跟属性规范 ">" 或 "/>"。
	at org.springframework.context.annotation.CommonAnnotationBeanPostProcessor.postProcessPropertyValues(CommonAnnotationBeanPostProcessor.java:321)
	at org.springframework.beans.factory.support.AbstractAutowireCapableBeanFactory.populateBean(AbstractAutowireCapableBeanFactory.java:1344)
	at org.springframework.beans.factory.support.AbstractAutowireCapableBeanFactory.doCreateBean(AbstractAutowireCapableBeanFactory.java:582)
	at org.springframework.beans.factory.support.AbstractAutowireCapableBeanFactory.createBean(AbstractAutowireCapableBeanFactory.java:502)
	at org.springframework.beans.factory.support.AbstractBeanFactory.lambda$doGetBean$0(AbstractBeanFactory.java:312)
	at org.springframework.beans.factory.support.DefaultSingletonBeanRegistry.getSingleton(DefaultSingletonBeanRegistry.java:228)
	at org.springframework.beans.factory.support.AbstractBeanFactory.doGetBean(AbstractBeanFactory.java:310)
	at org.springframework.beans.factory.support.AbstractBeanFactory.getBean(AbstractBeanFactory.java:200)
	at org.springframework.beans.factory.support.DefaultListableBeanFactory.preInstantiateSingletons(DefaultListableBeanFactory.java:760)
	at org.springframework.context.support.AbstractApplicationContext.finishBeanFactoryInitialization(AbstractApplicationContext.java:868)
	at org.springframework.context.support.AbstractApplicationContext.refresh(AbstractApplicationContext.java:549)
	at org.springframework.boot.web.servlet.context.ServletWebServerApplicationContext.refresh(ServletWebServerApplicationContext.java:140)
	at org.springframework.boot.SpringApplication.refresh(SpringApplication.java:752)
	at org.springframework.boot.SpringApplication.refreshContext(SpringApplication.java:388)
	at org.springframework.boot.SpringApplication.run(SpringApplication.java:327)
	at org.springframework.boot.SpringApplication.run(SpringApplication.java:1246)
	at org.springframework.boot.SpringApplication.run(SpringApplication.java:1234)
	at org.codingworld.time.Application.main(Application.java:15)
Caused by: org.springframework.beans.factory.UnsatisfiedDependencyException: Error creating bean with name 'cityServiceImpl': Unsatisfied dependency expressed through field 'cityDao'; nested exception is org.springframework.beans.factory.UnsatisfiedDependencyException: Error creating bean with name 'cityDao' defined in file [D:\jackie\project\me\time\target\classes\org\codingworld\time\dao\base\CityDao.class]: Unsatisfied dependency expressed through bean property 'sqlSessionFactory'; nested exception is org.springframework.beans.factory.BeanCreationException: Error creating bean with name 'sqlSessionFactory' defined in class path resource [org/mybatis/spring/boot/autoconfigure/MybatisAutoConfiguration.class]: Bean instantiation via factory method failed; nested exception is org.springframework.beans.BeanInstantiationException: Failed to instantiate [org.apache.ibatis.session.SqlSessionFactory]: Factory method 'sqlSessionFactory' threw exception; nested exception is org.springframework.core.NestedIOException: Failed to parse mapping resource: 'file [D:\jackie\project\me\time\target\classes\mapper\CityDao.xml]'; nested exception is org.apache.ibatis.builder.BuilderException: Error creating document instance.  Cause: org.xml.sax.SAXParseException; lineNumber: 131; columnNumber: 31; 元素类型 "select" 必须后跟属性规范 ">" 或 "/>"。
	at org.springframework.beans.factory.annotation.AutowiredAnnotationBeanPostProcessor$AutowiredFieldElement.inject(AutowiredAnnotationBeanPostProcessor.java:587)
	at org.springframework.beans.factory.annotation.InjectionMetadata.inject(InjectionMetadata.java:91)
	at org.springframework.beans.factory.annotation.AutowiredAnnotationBeanPostProcessor.postProcessPropertyValues(AutowiredAnnotationBeanPostProcessor.java:373)
	at org.springframework.beans.factory.support.AbstractAutowireCapableBeanFactory.populateBean(AbstractAutowireCapableBeanFactory.java:1344)
	at org.springframework.beans.factory.support.AbstractAutowireCapableBeanFactory.doCreateBean(AbstractAutowireCapableBeanFactory.java:582)
	at org.springframework.beans.factory.support.AbstractAutowireCapableBeanFactory.createBean(AbstractAutowireCapableBeanFactory.java:502)
	at org.springframework.beans.factory.support.AbstractBeanFactory.lambda$doGetBean$0(AbstractBeanFactory.java:312)
	at org.springframework.beans.factory.support.DefaultSingletonBeanRegistry.getSingleton(DefaultSingletonBeanRegistry.java:228)
	at org.springframework.beans.factory.support.AbstractBeanFactory.doGetBean(AbstractBeanFactory.java:310)
	at org.springframework.beans.factory.support.AbstractBeanFactory.getBean(AbstractBeanFactory.java:200)
	at org.springframework.beans.factory.config.DependencyDescriptor.resolveCandidate(DependencyDescriptor.java:251)
	at org.springframework.beans.factory.support.DefaultListableBeanFactory.doResolveDependency(DefaultListableBeanFactory.java:1138)
	at org.springframework.beans.factory.support.DefaultListableBeanFactory.resolveDependency(DefaultListableBeanFactory.java:1065)
	at org.springframework.context.annotation.CommonAnnotationBeanPostProcessor.autowireResource(CommonAnnotationBeanPostProcessor.java:506)
	at org.springframework.context.annotation.CommonAnnotationBeanPostProcessor.getResource(CommonAnnotationBeanPostProcessor.java:484)
	at org.springframework.context.annotation.CommonAnnotationBeanPostProcessor$ResourceElement.getResourceToInject(CommonAnnotationBeanPostProcessor.java:618)
	at org.springframework.beans.factory.annotation.InjectionMetadata$InjectedElement.inject(InjectionMetadata.java:177)
	at org.springframework.beans.factory.annotation.InjectionMetadata.inject(InjectionMetadata.java:91)
	at org.springframework.context.annotation.CommonAnnotationBeanPostProcessor.postProcessPropertyValues(CommonAnnotationBeanPostProcessor.java:318)
	... 17 common frames omitted
Caused by: org.springframework.beans.factory.UnsatisfiedDependencyException: Error creating bean with name 'cityDao' defined in file [D:\jackie\project\me\time\target\classes\org\codingworld\time\dao\base\CityDao.class]: Unsatisfied dependency expressed through bean property 'sqlSessionFactory'; nested exception is org.springframework.beans.factory.BeanCreationException: Error creating bean with name 'sqlSessionFactory' defined in class path resource [org/mybatis/spring/boot/autoconfigure/MybatisAutoConfiguration.class]: Bean instantiation via factory method failed; nested exception is org.springframework.beans.BeanInstantiationException: Failed to instantiate [org.apache.ibatis.session.SqlSessionFactory]: Factory method 'sqlSessionFactory' threw exception; nested exception is org.springframework.core.NestedIOException: Failed to parse mapping resource: 'file [D:\jackie\project\me\time\target\classes\mapper\CityDao.xml]'; nested exception is org.apache.ibatis.builder.BuilderException: Error creating document instance.  Cause: org.xml.sax.SAXParseException; lineNumber: 131; columnNumber: 31; 元素类型 "select" 必须后跟属性规范 ">" 或 "/>"。
	at org.springframework.beans.factory.support.AbstractAutowireCapableBeanFactory.autowireByType(AbstractAutowireCapableBeanFactory.java:1439)
	at org.springframework.beans.factory.support.AbstractAutowireCapableBeanFactory.populateBean(AbstractAutowireCapableBeanFactory.java:1326)
	at org.springframework.beans.factory.support.AbstractAutowireCapableBeanFactory.doCreateBean(AbstractAutowireCapableBeanFactory.java:582)
	at org.springframework.beans.factory.support.AbstractAutowireCapableBeanFactory.createBean(AbstractAutowireCapableBeanFactory.java:502)
	at org.springframework.beans.factory.support.AbstractBeanFactory.lambda$doGetBean$0(AbstractBeanFactory.java:312)
	at org.springframework.beans.factory.support.DefaultSingletonBeanRegistry.getSingleton(DefaultSingletonBeanRegistry.java:228)
	at org.springframework.beans.factory.support.AbstractBeanFactory.doGetBean(AbstractBeanFactory.java:310)
	at org.springframework.beans.factory.support.AbstractBeanFactory.getBean(AbstractBeanFactory.java:200)
	at org.springframework.beans.factory.config.DependencyDescriptor.resolveCandidate(DependencyDescriptor.java:251)
	at org.springframework.beans.factory.support.DefaultListableBeanFactory.doResolveDependency(DefaultListableBeanFactory.java:1138)
	at org.springframework.beans.factory.support.DefaultListableBeanFactory.resolveDependency(DefaultListableBeanFactory.java:1065)
	at org.springframework.beans.factory.annotation.AutowiredAnnotationBeanPostProcessor$AutowiredFieldElement.inject(AutowiredAnnotationBeanPostProcessor.java:584)
	... 35 common frames omitted
Caused by: org.springframework.beans.factory.BeanCreationException: Error creating bean with name 'sqlSessionFactory' defined in class path resource [org/mybatis/spring/boot/autoconfigure/MybatisAutoConfiguration.class]: Bean instantiation via factory method failed; nested exception is org.springframework.beans.BeanInstantiationException: Failed to instantiate [org.apache.ibatis.session.SqlSessionFactory]: Factory method 'sqlSessionFactory' threw exception; nested exception is org.springframework.core.NestedIOException: Failed to parse mapping resource: 'file [D:\jackie\project\me\time\target\classes\mapper\CityDao.xml]'; nested exception is org.apache.ibatis.builder.BuilderException: Error creating document instance.  Cause: org.xml.sax.SAXParseException; lineNumber: 131; columnNumber: 31; 元素类型 "select" 必须后跟属性规范 ">" 或 "/>"。
	at org.springframework.beans.factory.support.ConstructorResolver.instantiateUsingFactoryMethod(ConstructorResolver.java:587)
	at org.springframework.beans.factory.support.AbstractAutowireCapableBeanFactory.instantiateUsingFactoryMethod(AbstractAutowireCapableBeanFactory.java:1250)
	at org.springframework.beans.factory.support.AbstractAutowireCapableBeanFactory.createBeanInstance(AbstractAutowireCapableBeanFactory.java:1099)
	at org.springframework.beans.factory.support.AbstractAutowireCapableBeanFactory.doCreateBean(AbstractAutowireCapableBeanFactory.java:545)
	at org.springframework.beans.factory.support.AbstractAutowireCapableBeanFactory.createBean(AbstractAutowireCapableBeanFactory.java:502)
	at org.springframework.beans.factory.support.AbstractBeanFactory.lambda$doGetBean$0(AbstractBeanFactory.java:312)
	at org.springframework.beans.factory.support.DefaultSingletonBeanRegistry.getSingleton(DefaultSingletonBeanRegistry.java:228)
	at org.springframework.beans.factory.support.AbstractBeanFactory.doGetBean(AbstractBeanFactory.java:310)
	at org.springframework.beans.factory.support.AbstractBeanFactory.getBean(AbstractBeanFactory.java:200)
	at org.springframework.beans.factory.config.DependencyDescriptor.resolveCandidate(DependencyDescriptor.java:251)
	at org.springframework.beans.factory.support.DefaultListableBeanFactory.doResolveDependency(DefaultListableBeanFactory.java:1138)
	at org.springframework.beans.factory.support.DefaultListableBeanFactory.resolveDependency(DefaultListableBeanFactory.java:1065)
	at org.springframework.beans.factory.support.AbstractAutowireCapableBeanFactory.autowireByType(AbstractAutowireCapableBeanFactory.java:1424)
	... 46 common frames omitted
Caused by: org.springframework.beans.BeanInstantiationException: Failed to instantiate [org.apache.ibatis.session.SqlSessionFactory]: Factory method 'sqlSessionFactory' threw exception; nested exception is org.springframework.core.NestedIOException: Failed to parse mapping resource: 'file [D:\jackie\project\me\time\target\classes\mapper\CityDao.xml]'; nested exception is org.apache.ibatis.builder.BuilderException: Error creating document instance.  Cause: org.xml.sax.SAXParseException; lineNumber: 131; columnNumber: 31; 元素类型 "select" 必须后跟属性规范 ">" 或 "/>"。
	at org.springframework.beans.factory.support.SimpleInstantiationStrategy.instantiate(SimpleInstantiationStrategy.java:185)
	at org.springframework.beans.factory.support.ConstructorResolver.instantiateUsingFactoryMethod(ConstructorResolver.java:579)
	... 58 common frames omitted
Caused by: org.springframework.core.NestedIOException: Failed to parse mapping resource: 'file [D:\jackie\project\me\time\target\classes\mapper\CityDao.xml]'; nested exception is org.apache.ibatis.builder.BuilderException: Error creating document instance.  Cause: org.xml.sax.SAXParseException; lineNumber: 131; columnNumber: 31; 元素类型 "select" 必须后跟属性规范 ">" 或 "/>"。
	at org.mybatis.spring.SqlSessionFactoryBean.buildSqlSessionFactory(SqlSessionFactoryBean.java:523)
	at org.mybatis.spring.SqlSessionFactoryBean.afterPropertiesSet(SqlSessionFactoryBean.java:380)
	at org.mybatis.spring.SqlSessionFactoryBean.getObject(SqlSessionFactoryBean.java:547)
	at org.mybatis.spring.boot.autoconfigure.MybatisAutoConfiguration.sqlSessionFactory(MybatisAutoConfiguration.java:139)
	at org.mybatis.spring.boot.autoconfigure.MybatisAutoConfiguration$$EnhancerBySpringCGLIB$$affb2a05.CGLIB$sqlSessionFactory$0(<generated>)
	at org.mybatis.spring.boot.autoconfigure.MybatisAutoConfiguration$$EnhancerBySpringCGLIB$$affb2a05$$FastClassBySpringCGLIB$$f2844e03.invoke(<generated>)
	at org.springframework.cglib.proxy.MethodProxy.invokeSuper(MethodProxy.java:228)
	at org.springframework.context.annotation.ConfigurationClassEnhancer$BeanMethodInterceptor.intercept(ConfigurationClassEnhancer.java:361)
	at org.mybatis.spring.boot.autoconfigure.MybatisAutoConfiguration$$EnhancerBySpringCGLIB$$affb2a05.sqlSessionFactory(<generated>)
	at sun.reflect.NativeMethodAccessorImpl.invoke0(Native Method)
	at sun.reflect.NativeMethodAccessorImpl.invoke(NativeMethodAccessorImpl.java:62)
	at sun.reflect.DelegatingMethodAccessorImpl.invoke(DelegatingMethodAccessorImpl.java:43)
	at java.lang.reflect.Method.invoke(Method.java:498)
	at org.springframework.beans.factory.support.SimpleInstantiationStrategy.instantiate(SimpleInstantiationStrategy.java:154)
	... 59 common frames omitted
Caused by: org.apache.ibatis.builder.BuilderException: Error creating document instance.  Cause: org.xml.sax.SAXParseException; lineNumber: 131; columnNumber: 31; 元素类型 "select" 必须后跟属性规范 ">" 或 "/>"。
	at org.apache.ibatis.parsing.XPathParser.createDocument(XPathParser.java:259)
	at org.apache.ibatis.parsing.XPathParser.<init>(XPathParser.java:125)
	at org.apache.ibatis.builder.xml.XMLMapperBuilder.<init>(XMLMapperBuilder.java:78)
	at org.mybatis.spring.SqlSessionFactoryBean.buildSqlSessionFactory(SqlSessionFactoryBean.java:520)
	... 72 common frames omitted
Caused by: org.xml.sax.SAXParseException: 元素类型 "select" 必须后跟属性规范 ">" 或 "/>"。
	at com.sun.org.apache.xerces.internal.util.ErrorHandlerWrapper.createSAXParseException(ErrorHandlerWrapper.java:203)
	at com.sun.org.apache.xerces.internal.util.ErrorHandlerWrapper.fatalError(ErrorHandlerWrapper.java:177)
	at com.sun.org.apache.xerces.internal.impl.XMLErrorReporter.reportError(XMLErrorReporter.java:400)
	at com.sun.org.apache.xerces.internal.impl.XMLErrorReporter.reportError(XMLErrorReporter.java:327)
	at com.sun.org.apache.xerces.internal.impl.XMLScanner.reportFatalError(XMLScanner.java:1472)
	at com.sun.org.apache.xerces.internal.impl.XMLDocumentFragmentScannerImpl.seekCloseOfStartTag(XMLDocumentFragmentScannerImpl.java:1394)
	at com.sun.org.apache.xerces.internal.impl.XMLDocumentFragmentScannerImpl.scanStartElement(XMLDocumentFragmentScannerImpl.java:1324)
	at com.sun.org.apache.xerces.internal.impl.XMLDocumentFragmentScannerImpl$FragmentContentDriver.next(XMLDocumentFragmentScannerImpl.java:2784)
	at com.sun.org.apache.xerces.internal.impl.XMLDocumentScannerImpl.next(XMLDocumentScannerImpl.java:602)
	at com.sun.org.apache.xerces.internal.impl.XMLDocumentFragmentScannerImpl.scanDocument(XMLDocumentFragmentScannerImpl.java:505)
	at com.sun.org.apache.xerces.internal.parsers.XML11Configuration.parse(XML11Configuration.java:841)
	at com.sun.org.apache.xerces.internal.parsers.XML11Configuration.parse(XML11Configuration.java:770)
	at com.sun.org.apache.xerces.internal.parsers.XMLParser.parse(XMLParser.java:141)
	at com.sun.org.apache.xerces.internal.parsers.DOMParser.parse(DOMParser.java:243)
	at com.sun.org.apache.xerces.internal.jaxp.DocumentBuilderImpl.parse(DocumentBuilderImpl.java:339)
	at org.apache.ibatis.parsing.XPathParser.createDocument(XPathParser.java:257)
	... 75 common frames omitted
===2018-05-06 12:22:08.321 ERROR org.apache.catalina.core.AprLifecycleListener Line:180 - An incompatible version [1.2.12] of the APR based Apache Tomcat Native library is installed, while Tomcat requires version [1.2.14]
===2018-05-06 12:22:08.470 ERROR org.apache.catalina.core.AprLifecycleListener Line:180 - An incompatible version [1.2.12] of the APR based Apache Tomcat Native library is installed, while Tomcat requires version [1.2.14]
===2018-05-06 12:22:08.506 ERROR org.apache.catalina.core.AprLifecycleListener Line:180 - An incompatible version [1.2.12] of the APR based Apache Tomcat Native library is installed, while Tomcat requires version [1.2.14]
===2018-05-06 12:22:15.094 ERROR org.springframework.boot.SpringApplication Line:833 - Application run failed
org.springframework.beans.factory.BeanCreationException: Error creating bean with name 'com.github.pagehelper.autoconfigure.PageHelperAutoConfiguration': Post-processing of merged bean definition failed; nested exception is java.lang.IllegalStateException: Failed to introspect Class [com.github.pagehelper.autoconfigure.PageHelperAutoConfiguration] from ClassLoader [sun.misc.Launcher$AppClassLoader@18b4aac2]
	at org.springframework.beans.factory.support.AbstractAutowireCapableBeanFactory.doCreateBean(AbstractAutowireCapableBeanFactory.java:560)
	at org.springframework.beans.factory.support.AbstractAutowireCapableBeanFactory.createBean(AbstractAutowireCapableBeanFactory.java:502)
	at org.springframework.beans.factory.support.AbstractBeanFactory.lambda$doGetBean$0(AbstractBeanFactory.java:312)
	at org.springframework.beans.factory.support.DefaultSingletonBeanRegistry.getSingleton(DefaultSingletonBeanRegistry.java:228)
	at org.springframework.beans.factory.support.AbstractBeanFactory.doGetBean(AbstractBeanFactory.java:310)
	at org.springframework.beans.factory.support.AbstractBeanFactory.getBean(AbstractBeanFactory.java:200)
	at org.springframework.beans.factory.support.DefaultListableBeanFactory.preInstantiateSingletons(DefaultListableBeanFactory.java:760)
	at org.springframework.context.support.AbstractApplicationContext.finishBeanFactoryInitialization(AbstractApplicationContext.java:868)
	at org.springframework.context.support.AbstractApplicationContext.refresh(AbstractApplicationContext.java:549)
	at org.springframework.boot.web.servlet.context.ServletWebServerApplicationContext.refresh(ServletWebServerApplicationContext.java:140)
	at org.springframework.boot.SpringApplication.refresh(SpringApplication.java:752)
	at org.springframework.boot.SpringApplication.refreshContext(SpringApplication.java:388)
	at org.springframework.boot.SpringApplication.run(SpringApplication.java:327)
	at org.springframework.boot.SpringApplication.run(SpringApplication.java:1246)
	at org.springframework.boot.SpringApplication.run(SpringApplication.java:1234)
	at org.codingworld.time.Application.main(Application.java:15)
Caused by: java.lang.IllegalStateException: Failed to introspect Class [com.github.pagehelper.autoconfigure.PageHelperAutoConfiguration] from ClassLoader [sun.misc.Launcher$AppClassLoader@18b4aac2]
	at org.springframework.util.ReflectionUtils.getDeclaredFields(ReflectionUtils.java:759)
	at org.springframework.util.ReflectionUtils.doWithLocalFields(ReflectionUtils.java:691)
	at org.springframework.context.annotation.CommonAnnotationBeanPostProcessor.buildResourceMetadata(CommonAnnotationBeanPostProcessor.java:355)
	at org.springframework.context.annotation.CommonAnnotationBeanPostProcessor.findResourceMetadata(CommonAnnotationBeanPostProcessor.java:339)
	at org.springframework.context.annotation.CommonAnnotationBeanPostProcessor.postProcessMergedBeanDefinition(CommonAnnotationBeanPostProcessor.java:298)
	at org.springframework.beans.factory.support.AbstractAutowireCapableBeanFactory.applyMergedBeanDefinitionPostProcessors(AbstractAutowireCapableBeanFactory.java:1016)
	at org.springframework.beans.factory.support.AbstractAutowireCapableBeanFactory.doCreateBean(AbstractAutowireCapableBeanFactory.java:557)
	... 15 common frames omitted
Caused by: java.lang.NoClassDefFoundError: Lorg/springframework/boot/bind/RelaxedPropertyResolver;
	at java.lang.Class.getDeclaredFields0(Native Method)
	at java.lang.Class.privateGetDeclaredFields(Class.java:2583)
	at java.lang.Class.getDeclaredFields(Class.java:1916)
	at org.springframework.util.ReflectionUtils.getDeclaredFields(ReflectionUtils.java:754)
	... 21 common frames omitted
Caused by: java.lang.ClassNotFoundException: org.springframework.boot.bind.RelaxedPropertyResolver
	at java.net.URLClassLoader.findClass(URLClassLoader.java:381)
	at java.lang.ClassLoader.loadClass(ClassLoader.java:424)
	at sun.misc.Launcher$AppClassLoader.loadClass(Launcher.java:331)
	at java.lang.ClassLoader.loadClass(ClassLoader.java:357)
	... 25 common frames omitted
===2018-05-06 12:27:27.299 ERROR org.apache.catalina.core.AprLifecycleListener Line:180 - An incompatible version [1.2.12] of the APR based Apache Tomcat Native library is installed, while Tomcat requires version [1.2.14]
===2018-05-06 12:27:27.490 ERROR org.apache.catalina.core.AprLifecycleListener Line:180 - An incompatible version [1.2.12] of the APR based Apache Tomcat Native library is installed, while Tomcat requires version [1.2.14]
===2018-05-06 12:27:27.527 ERROR org.apache.catalina.core.AprLifecycleListener Line:180 - An incompatible version [1.2.12] of the APR based Apache Tomcat Native library is installed, while Tomcat requires version [1.2.14]
===2018-05-06 12:27:30.640 ERROR org.springframework.boot.SpringApplication Line:833 - Application run failed
org.springframework.beans.factory.BeanCreationException: Error creating bean with name 'com.github.pagehelper.autoconfigure.PageHelperAutoConfiguration': Post-processing of merged bean definition failed; nested exception is java.lang.IllegalStateException: Failed to introspect Class [com.github.pagehelper.autoconfigure.PageHelperAutoConfiguration] from ClassLoader [sun.misc.Launcher$AppClassLoader@18b4aac2]
	at org.springframework.beans.factory.support.AbstractAutowireCapableBeanFactory.doCreateBean(AbstractAutowireCapableBeanFactory.java:560)
	at org.springframework.beans.factory.support.AbstractAutowireCapableBeanFactory.createBean(AbstractAutowireCapableBeanFactory.java:502)
	at org.springframework.beans.factory.support.AbstractBeanFactory.lambda$doGetBean$0(AbstractBeanFactory.java:312)
	at org.springframework.beans.factory.support.DefaultSingletonBeanRegistry.getSingleton(DefaultSingletonBeanRegistry.java:228)
	at org.springframework.beans.factory.support.AbstractBeanFactory.doGetBean(AbstractBeanFactory.java:310)
	at org.springframework.beans.factory.support.AbstractBeanFactory.getBean(AbstractBeanFactory.java:200)
	at org.springframework.beans.factory.support.DefaultListableBeanFactory.preInstantiateSingletons(DefaultListableBeanFactory.java:760)
	at org.springframework.context.support.AbstractApplicationContext.finishBeanFactoryInitialization(AbstractApplicationContext.java:868)
	at org.springframework.context.support.AbstractApplicationContext.refresh(AbstractApplicationContext.java:549)
	at org.springframework.boot.web.servlet.context.ServletWebServerApplicationContext.refresh(ServletWebServerApplicationContext.java:140)
	at org.springframework.boot.SpringApplication.refresh(SpringApplication.java:752)
	at org.springframework.boot.SpringApplication.refreshContext(SpringApplication.java:388)
	at org.springframework.boot.SpringApplication.run(SpringApplication.java:327)
	at org.springframework.boot.SpringApplication.run(SpringApplication.java:1246)
	at org.springframework.boot.SpringApplication.run(SpringApplication.java:1234)
	at org.codingworld.time.Application.main(Application.java:15)
Caused by: java.lang.IllegalStateException: Failed to introspect Class [com.github.pagehelper.autoconfigure.PageHelperAutoConfiguration] from ClassLoader [sun.misc.Launcher$AppClassLoader@18b4aac2]
	at org.springframework.util.ReflectionUtils.getDeclaredFields(ReflectionUtils.java:759)
	at org.springframework.util.ReflectionUtils.doWithLocalFields(ReflectionUtils.java:691)
	at org.springframework.context.annotation.CommonAnnotationBeanPostProcessor.buildResourceMetadata(CommonAnnotationBeanPostProcessor.java:355)
	at org.springframework.context.annotation.CommonAnnotationBeanPostProcessor.findResourceMetadata(CommonAnnotationBeanPostProcessor.java:339)
	at org.springframework.context.annotation.CommonAnnotationBeanPostProcessor.postProcessMergedBeanDefinition(CommonAnnotationBeanPostProcessor.java:298)
	at org.springframework.beans.factory.support.AbstractAutowireCapableBeanFactory.applyMergedBeanDefinitionPostProcessors(AbstractAutowireCapableBeanFactory.java:1016)
	at org.springframework.beans.factory.support.AbstractAutowireCapableBeanFactory.doCreateBean(AbstractAutowireCapableBeanFactory.java:557)
	... 15 common frames omitted
Caused by: java.lang.NoClassDefFoundError: Lorg/springframework/boot/bind/RelaxedPropertyResolver;
	at java.lang.Class.getDeclaredFields0(Native Method)
	at java.lang.Class.privateGetDeclaredFields(Class.java:2583)
	at java.lang.Class.getDeclaredFields(Class.java:1916)
	at org.springframework.util.ReflectionUtils.getDeclaredFields(ReflectionUtils.java:754)
	... 21 common frames omitted
Caused by: java.lang.ClassNotFoundException: org.springframework.boot.bind.RelaxedPropertyResolver
	at java.net.URLClassLoader.findClass(URLClassLoader.java:381)
	at java.lang.ClassLoader.loadClass(ClassLoader.java:424)
	at sun.misc.Launcher$AppClassLoader.loadClass(Launcher.java:331)
	at java.lang.ClassLoader.loadClass(ClassLoader.java:357)
	... 25 common frames omitted
===2018-05-06 12:28:03.304 ERROR org.apache.catalina.core.AprLifecycleListener Line:180 - An incompatible version [1.2.12] of the APR based Apache Tomcat Native library is installed, while Tomcat requires version [1.2.14]
===2018-05-06 12:28:03.448 ERROR org.apache.catalina.core.AprLifecycleListener Line:180 - An incompatible version [1.2.12] of the APR based Apache Tomcat Native library is installed, while Tomcat requires version [1.2.14]
===2018-05-06 12:28:03.501 ERROR org.apache.catalina.core.AprLifecycleListener Line:180 - An incompatible version [1.2.12] of the APR based Apache Tomcat Native library is installed, while Tomcat requires version [1.2.14]
===2018-05-06 12:28:12.331 ERROR org.springframework.boot.SpringApplication Line:833 - Application run failed
org.springframework.beans.factory.BeanCreationException: Error creating bean with name 'com.github.pagehelper.autoconfigure.PageHelperAutoConfiguration': Post-processing of merged bean definition failed; nested exception is java.lang.IllegalStateException: Failed to introspect Class [com.github.pagehelper.autoconfigure.PageHelperAutoConfiguration] from ClassLoader [sun.misc.Launcher$AppClassLoader@18b4aac2]
	at org.springframework.beans.factory.support.AbstractAutowireCapableBeanFactory.doCreateBean(AbstractAutowireCapableBeanFactory.java:560)
	at org.springframework.beans.factory.support.AbstractAutowireCapableBeanFactory.createBean(AbstractAutowireCapableBeanFactory.java:502)
	at org.springframework.beans.factory.support.AbstractBeanFactory.lambda$doGetBean$0(AbstractBeanFactory.java:312)
	at org.springframework.beans.factory.support.DefaultSingletonBeanRegistry.getSingleton(DefaultSingletonBeanRegistry.java:228)
	at org.springframework.beans.factory.support.AbstractBeanFactory.doGetBean(AbstractBeanFactory.java:310)
	at org.springframework.beans.factory.support.AbstractBeanFactory.getBean(AbstractBeanFactory.java:200)
	at org.springframework.beans.factory.support.DefaultListableBeanFactory.preInstantiateSingletons(DefaultListableBeanFactory.java:760)
	at org.springframework.context.support.AbstractApplicationContext.finishBeanFactoryInitialization(AbstractApplicationContext.java:868)
	at org.springframework.context.support.AbstractApplicationContext.refresh(AbstractApplicationContext.java:549)
	at org.springframework.boot.web.servlet.context.ServletWebServerApplicationContext.refresh(ServletWebServerApplicationContext.java:140)
	at org.springframework.boot.SpringApplication.refresh(SpringApplication.java:752)
	at org.springframework.boot.SpringApplication.refreshContext(SpringApplication.java:388)
	at org.springframework.boot.SpringApplication.run(SpringApplication.java:327)
	at org.springframework.boot.SpringApplication.run(SpringApplication.java:1246)
	at org.springframework.boot.SpringApplication.run(SpringApplication.java:1234)
	at org.codingworld.time.Application.main(Application.java:15)
Caused by: java.lang.IllegalStateException: Failed to introspect Class [com.github.pagehelper.autoconfigure.PageHelperAutoConfiguration] from ClassLoader [sun.misc.Launcher$AppClassLoader@18b4aac2]
	at org.springframework.util.ReflectionUtils.getDeclaredFields(ReflectionUtils.java:759)
	at org.springframework.util.ReflectionUtils.doWithLocalFields(ReflectionUtils.java:691)
	at org.springframework.context.annotation.CommonAnnotationBeanPostProcessor.buildResourceMetadata(CommonAnnotationBeanPostProcessor.java:355)
	at org.springframework.context.annotation.CommonAnnotationBeanPostProcessor.findResourceMetadata(CommonAnnotationBeanPostProcessor.java:339)
	at org.springframework.context.annotation.CommonAnnotationBeanPostProcessor.postProcessMergedBeanDefinition(CommonAnnotationBeanPostProcessor.java:298)
	at org.springframework.beans.factory.support.AbstractAutowireCapableBeanFactory.applyMergedBeanDefinitionPostProcessors(AbstractAutowireCapableBeanFactory.java:1016)
	at org.springframework.beans.factory.support.AbstractAutowireCapableBeanFactory.doCreateBean(AbstractAutowireCapableBeanFactory.java:557)
	... 15 common frames omitted
Caused by: java.lang.NoClassDefFoundError: Lorg/springframework/boot/bind/RelaxedPropertyResolver;
	at java.lang.Class.getDeclaredFields0(Native Method)
	at java.lang.Class.privateGetDeclaredFields(Class.java:2583)
	at java.lang.Class.getDeclaredFields(Class.java:1916)
	at org.springframework.util.ReflectionUtils.getDeclaredFields(ReflectionUtils.java:754)
	... 21 common frames omitted
Caused by: java.lang.ClassNotFoundException: org.springframework.boot.bind.RelaxedPropertyResolver
	at java.net.URLClassLoader.findClass(URLClassLoader.java:381)
	at java.lang.ClassLoader.loadClass(ClassLoader.java:424)
	at sun.misc.Launcher$AppClassLoader.loadClass(Launcher.java:331)
	at java.lang.ClassLoader.loadClass(ClassLoader.java:357)
	... 25 common frames omitted
===2018-05-06 12:31:35.214 ERROR org.apache.catalina.core.AprLifecycleListener Line:180 - An incompatible version [1.2.12] of the APR based Apache Tomcat Native library is installed, while Tomcat requires version [1.2.14]
===2018-05-06 12:31:35.348 ERROR org.apache.catalina.core.AprLifecycleListener Line:180 - An incompatible version [1.2.12] of the APR based Apache Tomcat Native library is installed, while Tomcat requires version [1.2.14]
===2018-05-06 12:31:35.369 ERROR org.apache.catalina.core.AprLifecycleListener Line:180 - An incompatible version [1.2.12] of the APR based Apache Tomcat Native library is installed, while Tomcat requires version [1.2.14]
===2018-05-06 12:31:49.197 ERROR org.apache.catalina.core.AprLifecycleListener Line:180 - An incompatible version [1.2.12] of the APR based Apache Tomcat Native library is installed, while Tomcat requires version [1.2.14]
===2018-05-06 12:31:50.082 ERROR org.apache.catalina.core.AprLifecycleListener Line:180 - An incompatible version [1.2.12] of the APR based Apache Tomcat Native library is installed, while Tomcat requires version [1.2.14]
===2018-05-06 12:31:50.831 ERROR org.apache.catalina.core.AprLifecycleListener Line:180 - An incompatible version [1.2.12] of the APR based Apache Tomcat Native library is installed, while Tomcat requires version [1.2.14]
===2018-05-06 12:31:50.872 ERROR org.apache.catalina.core.AprLifecycleListener Line:180 - An incompatible version [1.2.12] of the APR based Apache Tomcat Native library is installed, while Tomcat requires version [1.2.14]
===2018-05-06 12:31:50.885 ERROR org.apache.catalina.core.AprLifecycleListener Line:180 - An incompatible version [1.2.12] of the APR based Apache Tomcat Native library is installed, while Tomcat requires version [1.2.14]
===2018-05-06 12:31:50.887 ERROR org.apache.catalina.core.AprLifecycleListener Line:180 - An incompatible version [1.2.12] of the APR based Apache Tomcat Native library is installed, while Tomcat requires version [1.2.14]
===2018-05-06 13:15:19.668 ERROR org.apache.catalina.core.AprLifecycleListener Line:180 - An incompatible version [1.2.12] of the APR based Apache Tomcat Native library is installed, while Tomcat requires version [1.2.14]
===2018-05-06 13:15:19.871 ERROR org.apache.catalina.core.AprLifecycleListener Line:180 - An incompatible version [1.2.12] of the APR based Apache Tomcat Native library is installed, while Tomcat requires version [1.2.14]
===2018-05-06 13:15:19.900 ERROR org.apache.catalina.core.AprLifecycleListener Line:180 - An incompatible version [1.2.12] of the APR based Apache Tomcat Native library is installed, while Tomcat requires version [1.2.14]
===2018-05-06 13:17:03.900 ERROR org.apache.catalina.core.AprLifecycleListener Line:180 - An incompatible version [1.2.12] of the APR based Apache Tomcat Native library is installed, while Tomcat requires version [1.2.14]
===2018-05-06 13:17:11.352 ERROR org.apache.catalina.core.AprLifecycleListener Line:180 - An incompatible version [1.2.12] of the APR based Apache Tomcat Native library is installed, while Tomcat requires version [1.2.14]
===2018-05-06 13:20:41.607 ERROR org.apache.catalina.core.AprLifecycleListener Line:180 - An incompatible version [1.2.12] of the APR based Apache Tomcat Native library is installed, while Tomcat requires version [1.2.14]
===2018-05-06 13:20:41.992 ERROR org.apache.catalina.core.AprLifecycleListener Line:180 - An incompatible version [1.2.12] of the APR based Apache Tomcat Native library is installed, while Tomcat requires version [1.2.14]
===2018-05-06 13:20:42.042 ERROR org.apache.catalina.core.AprLifecycleListener Line:180 - An incompatible version [1.2.12] of the APR based Apache Tomcat Native library is installed, while Tomcat requires version [1.2.14]
===2018-05-06 13:20:54.576 ERROR org.apache.catalina.core.AprLifecycleListener Line:180 - An incompatible version [1.2.12] of the APR based Apache Tomcat Native library is installed, while Tomcat requires version [1.2.14]
===2018-05-06 13:22:56.757 ERROR org.apache.catalina.core.AprLifecycleListener Line:180 - An incompatible version [1.2.12] of the APR based Apache Tomcat Native library is installed, while Tomcat requires version [1.2.14]
===2018-05-06 13:22:56.895 ERROR org.apache.catalina.core.AprLifecycleListener Line:180 - An incompatible version [1.2.12] of the APR based Apache Tomcat Native library is installed, while Tomcat requires version [1.2.14]
===2018-05-06 13:22:56.924 ERROR org.apache.catalina.core.AprLifecycleListener Line:180 - An incompatible version [1.2.12] of the APR based Apache Tomcat Native library is installed, while Tomcat requires version [1.2.14]
===2018-05-06 13:23:12.316 ERROR org.apache.catalina.core.AprLifecycleListener Line:180 - An incompatible version [1.2.12] of the APR based Apache Tomcat Native library is installed, while Tomcat requires version [1.2.14]
===2018-05-06 13:26:22.985 ERROR org.apache.catalina.core.AprLifecycleListener Line:180 - An incompatible version [1.2.12] of the APR based Apache Tomcat Native library is installed, while Tomcat requires version [1.2.14]
===2018-05-06 13:26:23.145 ERROR org.apache.catalina.core.AprLifecycleListener Line:180 - An incompatible version [1.2.12] of the APR based Apache Tomcat Native library is installed, while Tomcat requires version [1.2.14]
===2018-05-06 13:26:23.174 ERROR org.apache.catalina.core.AprLifecycleListener Line:180 - An incompatible version [1.2.12] of the APR based Apache Tomcat Native library is installed, while Tomcat requires version [1.2.14]
===2018-05-06 13:26:41.487 ERROR org.apache.catalina.core.AprLifecycleListener Line:180 - An incompatible version [1.2.12] of the APR based Apache Tomcat Native library is installed, while Tomcat requires version [1.2.14]
===2018-05-06 13:26:48.376 ERROR org.apache.catalina.core.AprLifecycleListener Line:180 - An incompatible version [1.2.12] of the APR based Apache Tomcat Native library is installed, while Tomcat requires version [1.2.14]
===2018-05-06 13:26:48.387 ERROR org.apache.catalina.core.AprLifecycleListener Line:180 - An incompatible version [1.2.12] of the APR based Apache Tomcat Native library is installed, while Tomcat requires version [1.2.14]
===2018-05-06 13:29:38.136 ERROR org.apache.catalina.core.AprLifecycleListener Line:180 - An incompatible version [1.2.12] of the APR based Apache Tomcat Native library is installed, while Tomcat requires version [1.2.14]
===2018-05-06 13:29:38.275 ERROR org.apache.catalina.core.AprLifecycleListener Line:180 - An incompatible version [1.2.12] of the APR based Apache Tomcat Native library is installed, while Tomcat requires version [1.2.14]
===2018-05-06 13:29:38.297 ERROR org.apache.catalina.core.AprLifecycleListener Line:180 - An incompatible version [1.2.12] of the APR based Apache Tomcat Native library is installed, while Tomcat requires version [1.2.14]
===2018-05-06 13:29:49.038 ERROR org.apache.catalina.core.AprLifecycleListener Line:180 - An incompatible version [1.2.12] of the APR based Apache Tomcat Native library is installed, while Tomcat requires version [1.2.14]
===2018-05-06 13:29:54.643 ERROR org.apache.catalina.core.AprLifecycleListener Line:180 - An incompatible version [1.2.12] of the APR based Apache Tomcat Native library is installed, while Tomcat requires version [1.2.14]
===2018-05-06 13:29:54.670 ERROR org.apache.catalina.core.AprLifecycleListener Line:180 - An incompatible version [1.2.12] of the APR based Apache Tomcat Native library is installed, while Tomcat requires version [1.2.14]
===2018-05-06 13:32:05.435 ERROR org.apache.catalina.core.AprLifecycleListener Line:180 - An incompatible version [1.2.12] of the APR based Apache Tomcat Native library is installed, while Tomcat requires version [1.2.14]
===2018-05-06 13:32:05.626 ERROR org.apache.catalina.core.AprLifecycleListener Line:180 - An incompatible version [1.2.12] of the APR based Apache Tomcat Native library is installed, while Tomcat requires version [1.2.14]
===2018-05-06 13:32:05.654 ERROR org.apache.catalina.core.AprLifecycleListener Line:180 - An incompatible version [1.2.12] of the APR based Apache Tomcat Native library is installed, while Tomcat requires version [1.2.14]
===2018-05-06 13:32:43.651 ERROR org.apache.catalina.core.AprLifecycleListener Line:180 - An incompatible version [1.2.12] of the APR based Apache Tomcat Native library is installed, while Tomcat requires version [1.2.14]
===2018-05-06 13:34:08.651 ERROR org.apache.catalina.core.AprLifecycleListener Line:180 - An incompatible version [1.2.12] of the APR based Apache Tomcat Native library is installed, while Tomcat requires version [1.2.14]
===2018-05-06 13:34:08.678 ERROR org.apache.catalina.core.AprLifecycleListener Line:180 - An incompatible version [1.2.12] of the APR based Apache Tomcat Native library is installed, while Tomcat requires version [1.2.14]
===2018-05-06 13:34:53.702 ERROR org.apache.catalina.core.AprLifecycleListener Line:180 - An incompatible version [1.2.12] of the APR based Apache Tomcat Native library is installed, while Tomcat requires version [1.2.14]
===2018-05-06 13:34:53.854 ERROR org.apache.catalina.core.AprLifecycleListener Line:180 - An incompatible version [1.2.12] of the APR based Apache Tomcat Native library is installed, while Tomcat requires version [1.2.14]
===2018-05-06 13:34:53.874 ERROR org.apache.catalina.core.AprLifecycleListener Line:180 - An incompatible version [1.2.12] of the APR based Apache Tomcat Native library is installed, while Tomcat requires version [1.2.14]
===2018-05-06 13:35:13.254 ERROR org.apache.catalina.core.AprLifecycleListener Line:180 - An incompatible version [1.2.12] of the APR based Apache Tomcat Native library is installed, while Tomcat requires version [1.2.14]
===2018-05-06 13:35:18.447 ERROR org.apache.catalina.core.AprLifecycleListener Line:180 - An incompatible version [1.2.12] of the APR based Apache Tomcat Native library is installed, while Tomcat requires version [1.2.14]
===2018-05-06 13:35:18.472 ERROR org.apache.catalina.core.AprLifecycleListener Line:180 - An incompatible version [1.2.12] of the APR based Apache Tomcat Native library is installed, while Tomcat requires version [1.2.14]
===2018-05-06 13:37:22.397 ERROR org.apache.catalina.core.AprLifecycleListener Line:180 - An incompatible version [1.2.12] of the APR based Apache Tomcat Native library is installed, while Tomcat requires version [1.2.14]
===2018-05-06 13:37:22.550 ERROR org.apache.catalina.core.AprLifecycleListener Line:180 - An incompatible version [1.2.12] of the APR based Apache Tomcat Native library is installed, while Tomcat requires version [1.2.14]
===2018-05-06 13:37:22.572 ERROR org.apache.catalina.core.AprLifecycleListener Line:180 - An incompatible version [1.2.12] of the APR based Apache Tomcat Native library is installed, while Tomcat requires version [1.2.14]
===2018-05-06 13:37:58.364 ERROR org.apache.catalina.core.AprLifecycleListener Line:180 - An incompatible version [1.2.12] of the APR based Apache Tomcat Native library is installed, while Tomcat requires version [1.2.14]
===2018-05-06 13:37:58.367 ERROR org.apache.catalina.core.AprLifecycleListener Line:180 - An incompatible version [1.2.12] of the APR based Apache Tomcat Native library is installed, while Tomcat requires version [1.2.14]
===2018-05-06 13:38:45.254 ERROR org.apache.catalina.core.AprLifecycleListener Line:180 - An incompatible version [1.2.12] of the APR based Apache Tomcat Native library is installed, while Tomcat requires version [1.2.14]
===2018-05-06 13:39:18.322 ERROR org.apache.catalina.core.AprLifecycleListener Line:180 - An incompatible version [1.2.12] of the APR based Apache Tomcat Native library is installed, while Tomcat requires version [1.2.14]
===2018-05-06 13:39:18.511 ERROR org.apache.catalina.core.AprLifecycleListener Line:180 - An incompatible version [1.2.12] of the APR based Apache Tomcat Native library is installed, while Tomcat requires version [1.2.14]
===2018-05-06 13:39:18.533 ERROR org.apache.catalina.core.AprLifecycleListener Line:180 - An incompatible version [1.2.12] of the APR based Apache Tomcat Native library is installed, while Tomcat requires version [1.2.14]
===2018-05-06 13:39:48.419 ERROR org.apache.catalina.core.AprLifecycleListener Line:180 - An incompatible version [1.2.12] of the APR based Apache Tomcat Native library is installed, while Tomcat requires version [1.2.14]
===2018-05-06 13:39:52.385 ERROR org.apache.catalina.core.AprLifecycleListener Line:180 - An incompatible version [1.2.12] of the APR based Apache Tomcat Native library is installed, while Tomcat requires version [1.2.14]
===2018-05-06 13:40:44.238 ERROR org.apache.catalina.core.AprLifecycleListener Line:180 - An incompatible version [1.2.12] of the APR based Apache Tomcat Native library is installed, while Tomcat requires version [1.2.14]
===2018-05-06 13:40:44.371 ERROR org.apache.catalina.core.AprLifecycleListener Line:180 - An incompatible version [1.2.12] of the APR based Apache Tomcat Native library is installed, while Tomcat requires version [1.2.14]
===2018-05-06 13:40:44.393 ERROR org.apache.catalina.core.AprLifecycleListener Line:180 - An incompatible version [1.2.12] of the APR based Apache Tomcat Native library is installed, while Tomcat requires version [1.2.14]
===2018-05-06 13:41:44.685 ERROR org.apache.catalina.core.AprLifecycleListener Line:180 - An incompatible version [1.2.12] of the APR based Apache Tomcat Native library is installed, while Tomcat requires version [1.2.14]
===2018-05-06 13:41:56.129 ERROR org.apache.catalina.core.AprLifecycleListener Line:180 - An incompatible version [1.2.12] of the APR based Apache Tomcat Native library is installed, while Tomcat requires version [1.2.14]
===2018-05-06 13:41:56.166 ERROR org.apache.catalina.core.AprLifecycleListener Line:180 - An incompatible version [1.2.12] of the APR based Apache Tomcat Native library is installed, while Tomcat requires version [1.2.14]
===2018-05-06 13:44:22.590 ERROR org.apache.catalina.core.AprLifecycleListener Line:180 - An incompatible version [1.2.12] of the APR based Apache Tomcat Native library is installed, while Tomcat requires version [1.2.14]
===2018-05-06 13:44:22.727 ERROR org.apache.catalina.core.AprLifecycleListener Line:180 - An incompatible version [1.2.12] of the APR based Apache Tomcat Native library is installed, while Tomcat requires version [1.2.14]
===2018-05-06 13:44:22.751 ERROR org.apache.catalina.core.AprLifecycleListener Line:180 - An incompatible version [1.2.12] of the APR based Apache Tomcat Native library is installed, while Tomcat requires version [1.2.14]
===2018-05-06 13:44:56.620 ERROR org.apache.catalina.core.AprLifecycleListener Line:180 - An incompatible version [1.2.12] of the APR based Apache Tomcat Native library is installed, while Tomcat requires version [1.2.14]
===2018-05-06 13:45:05.228 ERROR org.apache.catalina.core.AprLifecycleListener Line:180 - An incompatible version [1.2.12] of the APR based Apache Tomcat Native library is installed, while Tomcat requires version [1.2.14]
===2018-05-06 13:47:04.135 ERROR org.apache.catalina.core.AprLifecycleListener Line:180 - An incompatible version [1.2.12] of the APR based Apache Tomcat Native library is installed, while Tomcat requires version [1.2.14]
===2018-05-06 13:47:04.302 ERROR org.apache.catalina.core.AprLifecycleListener Line:180 - An incompatible version [1.2.12] of the APR based Apache Tomcat Native library is installed, while Tomcat requires version [1.2.14]
===2018-05-06 13:47:04.328 ERROR org.apache.catalina.core.AprLifecycleListener Line:180 - An incompatible version [1.2.12] of the APR based Apache Tomcat Native library is installed, while Tomcat requires version [1.2.14]
===2018-05-06 13:47:40.115 ERROR org.apache.catalina.core.AprLifecycleListener Line:180 - An incompatible version [1.2.12] of the APR based Apache Tomcat Native library is installed, while Tomcat requires version [1.2.14]
===2018-05-06 13:49:11.452 ERROR org.apache.catalina.core.AprLifecycleListener Line:180 - An incompatible version [1.2.12] of the APR based Apache Tomcat Native library is installed, while Tomcat requires version [1.2.14]
===2018-05-06 13:49:11.792 ERROR org.apache.catalina.core.AprLifecycleListener Line:180 - An incompatible version [1.2.12] of the APR based Apache Tomcat Native library is installed, while Tomcat requires version [1.2.14]
===2018-05-06 13:49:11.868 ERROR org.apache.catalina.core.AprLifecycleListener Line:180 - An incompatible version [1.2.12] of the APR based Apache Tomcat Native library is installed, while Tomcat requires version [1.2.14]
===2018-05-06 13:49:58.582 ERROR org.apache.catalina.core.AprLifecycleListener Line:180 - An incompatible version [1.2.12] of the APR based Apache Tomcat Native library is installed, while Tomcat requires version [1.2.14]
===2018-05-06 13:50:07.705 ERROR org.apache.catalina.core.AprLifecycleListener Line:180 - An incompatible version [1.2.12] of the APR based Apache Tomcat Native library is installed, while Tomcat requires version [1.2.14]
===2018-05-06 13:50:07.747 ERROR org.apache.catalina.core.AprLifecycleListener Line:180 - An incompatible version [1.2.12] of the APR based Apache Tomcat Native library is installed, while Tomcat requires version [1.2.14]
===2018-05-06 13:53:10.308 ERROR org.apache.catalina.core.AprLifecycleListener Line:180 - An incompatible version [1.2.12] of the APR based Apache Tomcat Native library is installed, while Tomcat requires version [1.2.14]
===2018-05-06 13:53:10.550 ERROR org.apache.catalina.core.AprLifecycleListener Line:180 - An incompatible version [1.2.12] of the APR based Apache Tomcat Native library is installed, while Tomcat requires version [1.2.14]
===2018-05-06 13:53:10.577 ERROR org.apache.catalina.core.AprLifecycleListener Line:180 - An incompatible version [1.2.12] of the APR based Apache Tomcat Native library is installed, while Tomcat requires version [1.2.14]
===2018-05-06 13:53:59.786 ERROR org.apache.catalina.core.AprLifecycleListener Line:180 - An incompatible version [1.2.12] of the APR based Apache Tomcat Native library is installed, while Tomcat requires version [1.2.14]
===2018-05-06 13:54:10.671 ERROR org.apache.catalina.core.AprLifecycleListener Line:180 - An incompatible version [1.2.12] of the APR based Apache Tomcat Native library is installed, while Tomcat requires version [1.2.14]
===2018-05-06 13:54:10.674 ERROR org.apache.catalina.core.AprLifecycleListener Line:180 - An incompatible version [1.2.12] of the APR based Apache Tomcat Native library is installed, while Tomcat requires version [1.2.14]
===2018-05-06 13:56:11.720 ERROR org.apache.catalina.core.AprLifecycleListener Line:180 - An incompatible version [1.2.12] of the APR based Apache Tomcat Native library is installed, while Tomcat requires version [1.2.14]
===2018-05-06 13:56:11.895 ERROR org.apache.catalina.core.AprLifecycleListener Line:180 - An incompatible version [1.2.12] of the APR based Apache Tomcat Native library is installed, while Tomcat requires version [1.2.14]
===2018-05-06 13:56:11.919 ERROR org.apache.catalina.core.AprLifecycleListener Line:180 - An incompatible version [1.2.12] of the APR based Apache Tomcat Native library is installed, while Tomcat requires version [1.2.14]
===2018-05-06 13:56:55.994 ERROR org.apache.catalina.core.AprLifecycleListener Line:180 - An incompatible version [1.2.12] of the APR based Apache Tomcat Native library is installed, while Tomcat requires version [1.2.14]
===2018-05-06 13:56:59.942 ERROR org.apache.catalina.core.AprLifecycleListener Line:180 - An incompatible version [1.2.12] of the APR based Apache Tomcat Native library is installed, while Tomcat requires version [1.2.14]
===2018-05-06 13:56:59.945 ERROR org.apache.catalina.core.AprLifecycleListener Line:180 - An incompatible version [1.2.12] of the APR based Apache Tomcat Native library is installed, while Tomcat requires version [1.2.14]
===2018-05-06 14:01:39.470 ERROR org.apache.catalina.core.AprLifecycleListener Line:180 - An incompatible version [1.2.12] of the APR based Apache Tomcat Native library is installed, while Tomcat requires version [1.2.14]
===2018-05-06 14:01:39.600 ERROR org.apache.catalina.core.AprLifecycleListener Line:180 - An incompatible version [1.2.12] of the APR based Apache Tomcat Native library is installed, while Tomcat requires version [1.2.14]
===2018-05-06 14:01:39.621 ERROR org.apache.catalina.core.AprLifecycleListener Line:180 - An incompatible version [1.2.12] of the APR based Apache Tomcat Native library is installed, while Tomcat requires version [1.2.14]
===2018-05-06 14:02:16.591 ERROR org.apache.catalina.core.AprLifecycleListener Line:180 - An incompatible version [1.2.12] of the APR based Apache Tomcat Native library is installed, while Tomcat requires version [1.2.14]
===2018-05-06 14:02:21.956 ERROR org.apache.catalina.core.AprLifecycleListener Line:180 - An incompatible version [1.2.12] of the APR based Apache Tomcat Native library is installed, while Tomcat requires version [1.2.14]
===2018-05-06 14:02:21.969 ERROR org.apache.catalina.core.AprLifecycleListener Line:180 - An incompatible version [1.2.12] of the APR based Apache Tomcat Native library is installed, while Tomcat requires version [1.2.14]
===2018-05-06 14:03:47.532 ERROR org.apache.catalina.core.AprLifecycleListener Line:180 - An incompatible version [1.2.12] of the APR based Apache Tomcat Native library is installed, while Tomcat requires version [1.2.14]
===2018-05-06 14:03:47.670 ERROR org.apache.catalina.core.AprLifecycleListener Line:180 - An incompatible version [1.2.12] of the APR based Apache Tomcat Native library is installed, while Tomcat requires version [1.2.14]
===2018-05-06 14:03:47.691 ERROR org.apache.catalina.core.AprLifecycleListener Line:180 - An incompatible version [1.2.12] of the APR based Apache Tomcat Native library is installed, while Tomcat requires version [1.2.14]
===2018-05-06 14:04:25.013 ERROR org.apache.catalina.core.AprLifecycleListener Line:180 - An incompatible version [1.2.12] of the APR based Apache Tomcat Native library is installed, while Tomcat requires version [1.2.14]
===2018-05-06 14:04:30.108 ERROR org.apache.catalina.core.AprLifecycleListener Line:180 - An incompatible version [1.2.12] of the APR based Apache Tomcat Native library is installed, while Tomcat requires version [1.2.14]
===2018-05-06 14:04:30.118 ERROR org.apache.catalina.core.AprLifecycleListener Line:180 - An incompatible version [1.2.12] of the APR based Apache Tomcat Native library is installed, while Tomcat requires version [1.2.14]
===2018-05-06 14:05:42.864 ERROR org.apache.catalina.core.AprLifecycleListener Line:180 - An incompatible version [1.2.12] of the APR based Apache Tomcat Native library is installed, while Tomcat requires version [1.2.14]
===2018-05-06 14:05:43.042 ERROR org.apache.catalina.core.AprLifecycleListener Line:180 - An incompatible version [1.2.12] of the APR based Apache Tomcat Native library is installed, while Tomcat requires version [1.2.14]
===2018-05-06 14:05:43.070 ERROR org.apache.catalina.core.AprLifecycleListener Line:180 - An incompatible version [1.2.12] of the APR based Apache Tomcat Native library is installed, while Tomcat requires version [1.2.14]
===2018-05-06 14:06:31.386 ERROR org.apache.catalina.core.AprLifecycleListener Line:180 - An incompatible version [1.2.12] of the APR based Apache Tomcat Native library is installed, while Tomcat requires version [1.2.14]
===2018-05-06 14:06:36.678 ERROR org.apache.catalina.core.AprLifecycleListener Line:180 - An incompatible version [1.2.12] of the APR based Apache Tomcat Native library is installed, while Tomcat requires version [1.2.14]
===2018-05-06 14:06:36.723 ERROR org.apache.catalina.core.AprLifecycleListener Line:180 - An incompatible version [1.2.12] of the APR based Apache Tomcat Native library is installed, while Tomcat requires version [1.2.14]
===2018-05-06 14:06:36.726 ERROR org.apache.catalina.core.AprLifecycleListener Line:180 - An incompatible version [1.2.12] of the APR based Apache Tomcat Native library is installed, while Tomcat requires version [1.2.14]
===2018-05-06 14:06:36.730 ERROR org.apache.catalina.core.AprLifecycleListener Line:180 - An incompatible version [1.2.12] of the APR based Apache Tomcat Native library is installed, while Tomcat requires version [1.2.14]
===2018-05-06 14:06:36.763 ERROR org.apache.catalina.core.AprLifecycleListener Line:180 - An incompatible version [1.2.12] of the APR based Apache Tomcat Native library is installed, while Tomcat requires version [1.2.14]
===2018-05-06 14:11:06.428 ERROR org.apache.catalina.core.AprLifecycleListener Line:180 - An incompatible version [1.2.12] of the APR based Apache Tomcat Native library is installed, while Tomcat requires version [1.2.14]
===2018-05-06 14:11:06.584 ERROR org.apache.catalina.core.AprLifecycleListener Line:180 - An incompatible version [1.2.12] of the APR based Apache Tomcat Native library is installed, while Tomcat requires version [1.2.14]
===2018-05-06 14:11:06.611 ERROR org.apache.catalina.core.AprLifecycleListener Line:180 - An incompatible version [1.2.12] of the APR based Apache Tomcat Native library is installed, while Tomcat requires version [1.2.14]
===2018-05-06 14:11:48.518 ERROR org.apache.catalina.core.AprLifecycleListener Line:180 - An incompatible version [1.2.12] of the APR based Apache Tomcat Native library is installed, while Tomcat requires version [1.2.14]
===2018-05-06 14:11:49.627 ERROR org.apache.catalina.core.AprLifecycleListener Line:180 - An incompatible version [1.2.12] of the APR based Apache Tomcat Native library is installed, while Tomcat requires version [1.2.14]
===2018-05-06 14:11:49.639 ERROR org.apache.catalina.core.AprLifecycleListener Line:180 - An incompatible version [1.2.12] of the APR based Apache Tomcat Native library is installed, while Tomcat requires version [1.2.14]
===2018-05-06 14:11:49.641 ERROR org.apache.catalina.core.AprLifecycleListener Line:180 - An incompatible version [1.2.12] of the APR based Apache Tomcat Native library is installed, while Tomcat requires version [1.2.14]
===2018-05-06 14:11:49.650 ERROR org.apache.catalina.core.AprLifecycleListener Line:180 - An incompatible version [1.2.12] of the APR based Apache Tomcat Native library is installed, while Tomcat requires version [1.2.14]
===2018-05-06 14:11:49.719 ERROR org.apache.catalina.core.AprLifecycleListener Line:180 - An incompatible version [1.2.12] of the APR based Apache Tomcat Native library is installed, while Tomcat requires version [1.2.14]
===2018-05-06 14:22:23.160 ERROR org.apache.catalina.core.AprLifecycleListener Line:180 - An incompatible version [1.2.12] of the APR based Apache Tomcat Native library is installed, while Tomcat requires version [1.2.14]
===2018-05-06 14:22:23.304 ERROR org.apache.catalina.core.AprLifecycleListener Line:180 - An incompatible version [1.2.12] of the APR based Apache Tomcat Native library is installed, while Tomcat requires version [1.2.14]
===2018-05-06 14:22:23.326 ERROR org.apache.catalina.core.AprLifecycleListener Line:180 - An incompatible version [1.2.12] of the APR based Apache Tomcat Native library is installed, while Tomcat requires version [1.2.14]
===2018-05-06 14:23:10.640 ERROR org.apache.catalina.core.AprLifecycleListener Line:180 - An incompatible version [1.2.12] of the APR based Apache Tomcat Native library is installed, while Tomcat requires version [1.2.14]
===2018-05-06 14:44:17.495 ERROR org.apache.catalina.core.AprLifecycleListener Line:180 - An incompatible version [1.2.12] of the APR based Apache Tomcat Native library is installed, while Tomcat requires version [1.2.14]
===2018-05-06 14:44:17.946 ERROR org.apache.catalina.core.AprLifecycleListener Line:180 - An incompatible version [1.2.12] of the APR based Apache Tomcat Native library is installed, while Tomcat requires version [1.2.14]
===2018-05-06 14:44:18.015 ERROR org.apache.catalina.core.AprLifecycleListener Line:180 - An incompatible version [1.2.12] of the APR based Apache Tomcat Native library is installed, while Tomcat requires version [1.2.14]
===2018-05-06 14:44:43.836 ERROR org.apache.catalina.core.AprLifecycleListener Line:180 - An incompatible version [1.2.12] of the APR based Apache Tomcat Native library is installed, while Tomcat requires version [1.2.14]
===2018-05-06 14:44:45.602 ERROR org.apache.catalina.core.AprLifecycleListener Line:180 - An incompatible version [1.2.12] of the APR based Apache Tomcat Native library is installed, while Tomcat requires version [1.2.14]
===2018-05-06 14:44:45.604 ERROR org.apache.catalina.core.AprLifecycleListener Line:180 - An incompatible version [1.2.12] of the APR based Apache Tomcat Native library is installed, while Tomcat requires version [1.2.14]
===2018-05-06 14:44:45.606 ERROR org.apache.catalina.core.AprLifecycleListener Line:180 - An incompatible version [1.2.12] of the APR based Apache Tomcat Native library is installed, while Tomcat requires version [1.2.14]
===2018-05-06 14:44:45.621 ERROR org.apache.catalina.core.AprLifecycleListener Line:180 - An incompatible version [1.2.12] of the APR based Apache Tomcat Native library is installed, while Tomcat requires version [1.2.14]
===2018-05-06 14:44:45.633 ERROR org.apache.catalina.core.AprLifecycleListener Line:180 - An incompatible version [1.2.12] of the APR based Apache Tomcat Native library is installed, while Tomcat requires version [1.2.14]
===2018-05-06 14:45:41.898 ERROR org.apache.catalina.core.AprLifecycleListener Line:180 - An incompatible version [1.2.12] of the APR based Apache Tomcat Native library is installed, while Tomcat requires version [1.2.14]
===2018-05-06 14:45:42.030 ERROR org.apache.catalina.core.AprLifecycleListener Line:180 - An incompatible version [1.2.12] of the APR based Apache Tomcat Native library is installed, while Tomcat requires version [1.2.14]
===2018-05-06 14:45:42.054 ERROR org.apache.catalina.core.AprLifecycleListener Line:180 - An incompatible version [1.2.12] of the APR based Apache Tomcat Native library is installed, while Tomcat requires version [1.2.14]
===2018-05-06 14:46:34.167 ERROR org.apache.catalina.core.AprLifecycleListener Line:180 - An incompatible version [1.2.12] of the APR based Apache Tomcat Native library is installed, while Tomcat requires version [1.2.14]
===2018-05-06 14:46:36.161 ERROR org.apache.catalina.core.AprLifecycleListener Line:180 - An incompatible version [1.2.12] of the APR based Apache Tomcat Native library is installed, while Tomcat requires version [1.2.14]
===2018-05-06 14:46:36.184 ERROR org.apache.catalina.core.AprLifecycleListener Line:180 - An incompatible version [1.2.12] of the APR based Apache Tomcat Native library is installed, while Tomcat requires version [1.2.14]
===2018-05-06 14:46:36.227 ERROR org.apache.catalina.core.AprLifecycleListener Line:180 - An incompatible version [1.2.12] of the APR based Apache Tomcat Native library is installed, while Tomcat requires version [1.2.14]
===2018-05-06 14:46:36.240 ERROR org.apache.catalina.core.AprLifecycleListener Line:180 - An incompatible version [1.2.12] of the APR based Apache Tomcat Native library is installed, while Tomcat requires version [1.2.14]
===2018-05-06 14:50:17.571 ERROR org.apache.catalina.core.AprLifecycleListener Line:180 - An incompatible version [1.2.12] of the APR based Apache Tomcat Native library is installed, while Tomcat requires version [1.2.14]
===2018-05-06 14:50:17.709 ERROR org.apache.catalina.core.AprLifecycleListener Line:180 - An incompatible version [1.2.12] of the APR based Apache Tomcat Native library is installed, while Tomcat requires version [1.2.14]
===2018-05-06 14:50:17.735 ERROR org.apache.catalina.core.AprLifecycleListener Line:180 - An incompatible version [1.2.12] of the APR based Apache Tomcat Native library is installed, while Tomcat requires version [1.2.14]
===2018-05-06 14:50:55.717 ERROR org.apache.catalina.core.AprLifecycleListener Line:180 - An incompatible version [1.2.12] of the APR based Apache Tomcat Native library is installed, while Tomcat requires version [1.2.14]
===2018-05-06 14:50:57.582 ERROR org.apache.catalina.core.AprLifecycleListener Line:180 - An incompatible version [1.2.12] of the APR based Apache Tomcat Native library is installed, while Tomcat requires version [1.2.14]
===2018-05-06 14:50:57.636 ERROR org.apache.catalina.core.AprLifecycleListener Line:180 - An incompatible version [1.2.12] of the APR based Apache Tomcat Native library is installed, while Tomcat requires version [1.2.14]
===2018-05-06 14:50:57.649 ERROR org.apache.catalina.core.AprLifecycleListener Line:180 - An incompatible version [1.2.12] of the APR based Apache Tomcat Native library is installed, while Tomcat requires version [1.2.14]
===2018-05-06 14:50:57.656 ERROR org.apache.catalina.core.AprLifecycleListener Line:180 - An incompatible version [1.2.12] of the APR based Apache Tomcat Native library is installed, while Tomcat requires version [1.2.14]
===2018-05-06 14:50:57.690 ERROR org.apache.catalina.core.AprLifecycleListener Line:180 - An incompatible version [1.2.12] of the APR based Apache Tomcat Native library is installed, while Tomcat requires version [1.2.14]
===2018-05-06 14:52:12.363 ERROR org.apache.catalina.core.AprLifecycleListener Line:180 - An incompatible version [1.2.12] of the APR based Apache Tomcat Native library is installed, while Tomcat requires version [1.2.14]
===2018-05-06 14:52:12.496 ERROR org.apache.catalina.core.AprLifecycleListener Line:180 - An incompatible version [1.2.12] of the APR based Apache Tomcat Native library is installed, while Tomcat requires version [1.2.14]
===2018-05-06 14:52:12.522 ERROR org.apache.catalina.core.AprLifecycleListener Line:180 - An incompatible version [1.2.12] of the APR based Apache Tomcat Native library is installed, while Tomcat requires version [1.2.14]
===2018-05-06 14:53:10.728 ERROR org.apache.catalina.core.AprLifecycleListener Line:180 - An incompatible version [1.2.12] of the APR based Apache Tomcat Native library is installed, while Tomcat requires version [1.2.14]
===2018-05-06 14:53:12.626 ERROR org.apache.catalina.core.AprLifecycleListener Line:180 - An incompatible version [1.2.12] of the APR based Apache Tomcat Native library is installed, while Tomcat requires version [1.2.14]
===2018-05-06 14:53:12.798 ERROR org.apache.catalina.core.AprLifecycleListener Line:180 - An incompatible version [1.2.12] of the APR based Apache Tomcat Native library is installed, while Tomcat requires version [1.2.14]
===2018-05-06 14:53:12.860 ERROR org.apache.catalina.core.AprLifecycleListener Line:180 - An incompatible version [1.2.12] of the APR based Apache Tomcat Native library is installed, while Tomcat requires version [1.2.14]
===2018-05-06 14:53:12.862 ERROR org.apache.catalina.core.AprLifecycleListener Line:180 - An incompatible version [1.2.12] of the APR based Apache Tomcat Native library is installed, while Tomcat requires version [1.2.14]
===2018-05-06 15:02:00.016 ERROR org.apache.catalina.core.AprLifecycleListener Line:180 - An incompatible version [1.2.12] of the APR based Apache Tomcat Native library is installed, while Tomcat requires version [1.2.14]
===2018-05-06 15:02:00.141 ERROR org.apache.catalina.core.AprLifecycleListener Line:180 - An incompatible version [1.2.12] of the APR based Apache Tomcat Native library is installed, while Tomcat requires version [1.2.14]
===2018-05-06 15:02:00.162 ERROR org.apache.catalina.core.AprLifecycleListener Line:180 - An incompatible version [1.2.12] of the APR based Apache Tomcat Native library is installed, while Tomcat requires version [1.2.14]
===2018-05-06 15:02:22.204 ERROR org.apache.catalina.core.AprLifecycleListener Line:180 - An incompatible version [1.2.12] of the APR based Apache Tomcat Native library is installed, while Tomcat requires version [1.2.14]
===2018-05-06 15:02:23.751 ERROR org.apache.catalina.core.AprLifecycleListener Line:180 - An incompatible version [1.2.12] of the APR based Apache Tomcat Native library is installed, while Tomcat requires version [1.2.14]
===2018-05-06 15:02:23.753 ERROR org.apache.catalina.core.AprLifecycleListener Line:180 - An incompatible version [1.2.12] of the APR based Apache Tomcat Native library is installed, while Tomcat requires version [1.2.14]
===2018-05-06 15:02:23.754 ERROR org.apache.catalina.core.AprLifecycleListener Line:180 - An incompatible version [1.2.12] of the APR based Apache Tomcat Native library is installed, while Tomcat requires version [1.2.14]
===2018-05-06 15:02:23.756 ERROR org.apache.catalina.core.AprLifecycleListener Line:180 - An incompatible version [1.2.12] of the APR based Apache Tomcat Native library is installed, while Tomcat requires version [1.2.14]
===2018-05-06 15:02:23.828 ERROR org.apache.catalina.core.AprLifecycleListener Line:180 - An incompatible version [1.2.12] of the APR based Apache Tomcat Native library is installed, while Tomcat requires version [1.2.14]
===2018-05-06 15:07:28.771 ERROR org.apache.catalina.core.AprLifecycleListener Line:180 - An incompatible version [1.2.12] of the APR based Apache Tomcat Native library is installed, while Tomcat requires version [1.2.14]
===2018-05-06 15:07:28.949 ERROR org.apache.catalina.core.AprLifecycleListener Line:180 - An incompatible version [1.2.12] of the APR based Apache Tomcat Native library is installed, while Tomcat requires version [1.2.14]
===2018-05-06 15:07:28.972 ERROR org.apache.catalina.core.AprLifecycleListener Line:180 - An incompatible version [1.2.12] of the APR based Apache Tomcat Native library is installed, while Tomcat requires version [1.2.14]
===2018-05-06 15:08:11.193 ERROR org.apache.catalina.core.AprLifecycleListener Line:180 - An incompatible version [1.2.12] of the APR based Apache Tomcat Native library is installed, while Tomcat requires version [1.2.14]
===2018-05-06 15:08:13.255 ERROR org.apache.catalina.core.AprLifecycleListener Line:180 - An incompatible version [1.2.12] of the APR based Apache Tomcat Native library is installed, while Tomcat requires version [1.2.14]
===2018-05-06 15:08:13.265 ERROR org.apache.catalina.core.AprLifecycleListener Line:180 - An incompatible version [1.2.12] of the APR based Apache Tomcat Native library is installed, while Tomcat requires version [1.2.14]
===2018-05-06 15:08:13.340 ERROR org.apache.catalina.core.AprLifecycleListener Line:180 - An incompatible version [1.2.12] of the APR based Apache Tomcat Native library is installed, while Tomcat requires version [1.2.14]
===2018-05-06 15:08:13.342 ERROR org.apache.catalina.core.AprLifecycleListener Line:180 - An incompatible version [1.2.12] of the APR based Apache Tomcat Native library is installed, while Tomcat requires version [1.2.14]
===2018-05-06 15:08:13.344 ERROR org.apache.catalina.core.AprLifecycleListener Line:180 - An incompatible version [1.2.12] of the APR based Apache Tomcat Native library is installed, while Tomcat requires version [1.2.14]
===2018-05-06 19:44:02.235 ERROR org.apache.catalina.core.AprLifecycleListener Line:180 - An incompatible version [1.2.12] of the APR based Apache Tomcat Native library is installed, while Tomcat requires version [1.2.14]
===2018-05-06 19:44:02.385 ERROR org.apache.catalina.core.AprLifecycleListener Line:180 - An incompatible version [1.2.12] of the APR based Apache Tomcat Native library is installed, while Tomcat requires version [1.2.14]
===2018-05-06 19:44:02.408 ERROR org.apache.catalina.core.AprLifecycleListener Line:180 - An incompatible version [1.2.12] of the APR based Apache Tomcat Native library is installed, while Tomcat requires version [1.2.14]
===2018-05-06 19:50:33.638 ERROR org.apache.catalina.core.AprLifecycleListener Line:180 - An incompatible version [1.2.12] of the APR based Apache Tomcat Native library is installed, while Tomcat requires version [1.2.14]
===2018-05-06 19:50:35.133 ERROR org.apache.catalina.core.AprLifecycleListener Line:180 - An incompatible version [1.2.12] of the APR based Apache Tomcat Native library is installed, while Tomcat requires version [1.2.14]
===2018-05-06 19:50:35.136 ERROR org.apache.catalina.core.AprLifecycleListener Line:180 - An incompatible version [1.2.12] of the APR based Apache Tomcat Native library is installed, while Tomcat requires version [1.2.14]
===2018-05-06 19:50:35.142 ERROR org.apache.catalina.core.AprLifecycleListener Line:180 - An incompatible version [1.2.12] of the APR based Apache Tomcat Native library is installed, while Tomcat requires version [1.2.14]
===2018-05-06 19:50:35.146 ERROR org.apache.catalina.core.AprLifecycleListener Line:180 - An incompatible version [1.2.12] of the APR based Apache Tomcat Native library is installed, while Tomcat requires version [1.2.14]
===2018-05-06 19:50:35.149 ERROR org.apache.catalina.core.AprLifecycleListener Line:180 - An incompatible version [1.2.12] of the APR based Apache Tomcat Native library is installed, while Tomcat requires version [1.2.14]
